[1.906s] Invoking command in '/home/asadbek/ros2_ws/src/py_pubsub': AMENT_PREFIX_PATH=/home/asadbek/ros2_ws/install/tutorial_interfaces:${AMENT_PREFIX_PATH} CMAKE_PREFIX_PATH=/home/asadbek/ros2_ws/install/tutorial_interfaces:${CMAKE_PREFIX_PATH} LD_LIBRARY_PATH=/home/asadbek/ros2_ws/install/tutorial_interfaces/lib:${LD_LIBRARY_PATH} PYTHONPATH=/home/asadbek/ros2_ws/install/py_pubsub/lib/python3.8/site-packages:/home/asadbek/ros2_ws/install/tutorial_interfaces/lib/python3.8/site-packages:${PYTHONPATH} /usr/bin/python3 setup.py egg_info --egg-base ../../build/py_pubsub build --build-base /home/asadbek/ros2_ws/build/py_pubsub/build install --prefix /home/asadbek/ros2_ws/install/py_pubsub --record /home/asadbek/ros2_ws/build/py_pubsub/install.log --single-version-externally-managed
[2.454s] running egg_info
[2.455s] writing ../../build/py_pubsub/py_pubsub.egg-info/PKG-INFO
[2.457s] writing dependency_links to ../../build/py_pubsub/py_pubsub.egg-info/dependency_links.txt
[2.458s] writing entry points to ../../build/py_pubsub/py_pubsub.egg-info/entry_points.txt
[2.460s] writing requirements to ../../build/py_pubsub/py_pubsub.egg-info/requires.txt
[2.462s] writing top-level names to ../../build/py_pubsub/py_pubsub.egg-info/top_level.txt
[2.561s] reading manifest file '../../build/py_pubsub/py_pubsub.egg-info/SOURCES.txt'
[2.568s] writing manifest file '../../build/py_pubsub/py_pubsub.egg-info/SOURCES.txt'
[2.570s] running build
[2.571s] running build_py
[2.572s] copying py_pubsub/publisher_member_function.py -> /home/asadbek/ros2_ws/build/py_pubsub/build/lib/py_pubsub
[2.573s] copying py_pubsub/subscriber_member_function.py -> /home/asadbek/ros2_ws/build/py_pubsub/build/lib/py_pubsub
[2.574s] running install
[2.576s] running install_lib
[2.579s] copying /home/asadbek/ros2_ws/build/py_pubsub/build/lib/py_pubsub/publisher_member_function.py -> /home/asadbek/ros2_ws/install/py_pubsub/lib/python3.8/site-packages/py_pubsub
[2.582s] copying /home/asadbek/ros2_ws/build/py_pubsub/build/lib/py_pubsub/subscriber_member_function.py -> /home/asadbek/ros2_ws/install/py_pubsub/lib/python3.8/site-packages/py_pubsub
[2.585s] byte-compiling /home/asadbek/ros2_ws/install/py_pubsub/lib/python3.8/site-packages/py_pubsub/publisher_member_function.py to publisher_member_function.cpython-38.pyc
[2.590s] byte-compiling /home/asadbek/ros2_ws/install/py_pubsub/lib/python3.8/site-packages/py_pubsub/subscriber_member_function.py to subscriber_member_function.cpython-38.pyc
[2.591s]   File "/home/asadbek/ros2_ws/install/py_pubsub/lib/python3.8/site-packages/py_pubsub/subscriber_member_function.py", line 18
[2.591s]     ffrom tutorial_interfaces.msg import Num        # CHANGE
[2.592s]           ^
[2.592s] SyntaxError: invalid syntax
[2.592s] 
[2.593s] running install_data
[2.595s] copying package.xml -> /home/asadbek/ros2_ws/install/py_pubsub/share/py_pubsub
[2.596s] running install_egg_info
[2.602s] removing '/home/asadbek/ros2_ws/install/py_pubsub/lib/python3.8/site-packages/py_pubsub-0.0.0-py3.8.egg-info' (and everything under it)
[2.604s] Copying ../../build/py_pubsub/py_pubsub.egg-info to /home/asadbek/ros2_ws/install/py_pubsub/lib/python3.8/site-packages/py_pubsub-0.0.0-py3.8.egg-info
[2.608s] running install_scripts
[2.652s] Installing listener script to /home/asadbek/ros2_ws/install/py_pubsub/lib/py_pubsub
[2.654s] Installing talker script to /home/asadbek/ros2_ws/install/py_pubsub/lib/py_pubsub
[2.656s] writing list of installed files to '/home/asadbek/ros2_ws/build/py_pubsub/install.log'
[2.714s] Invoked command in '/home/asadbek/ros2_ws/src/py_pubsub' returned '0': AMENT_PREFIX_PATH=/home/asadbek/ros2_ws/install/tutorial_interfaces:${AMENT_PREFIX_PATH} CMAKE_PREFIX_PATH=/home/asadbek/ros2_ws/install/tutorial_interfaces:${CMAKE_PREFIX_PATH} LD_LIBRARY_PATH=/home/asadbek/ros2_ws/install/tutorial_interfaces/lib:${LD_LIBRARY_PATH} PYTHONPATH=/home/asadbek/ros2_ws/install/py_pubsub/lib/python3.8/site-packages:/home/asadbek/ros2_ws/install/tutorial_interfaces/lib/python3.8/site-packages:${PYTHONPATH} /usr/bin/python3 setup.py egg_info --egg-base ../../build/py_pubsub build --build-base /home/asadbek/ros2_ws/build/py_pubsub/build install --prefix /home/asadbek/ros2_ws/install/py_pubsub --record /home/asadbek/ros2_ws/build/py_pubsub/install.log --single-version-externally-managed
