[1.784s] Invoking command in '/home/asadbek/ros2_ws/src/py_pubsub': PYTHONPATH=/home/asadbek/ros2_ws/install/py_pubsub/lib/python3.8/site-packages:${PYTHONPATH} /usr/bin/python3 setup.py egg_info --egg-base ../../build/py_pubsub build --build-base /home/asadbek/ros2_ws/build/py_pubsub/build install --prefix /home/asadbek/ros2_ws/install/py_pubsub --record /home/asadbek/ros2_ws/build/py_pubsub/install.log --single-version-externally-managed
[2.408s] running egg_info
[2.410s] writing ../../build/py_pubsub/py_pubsub.egg-info/PKG-INFO
[2.412s] writing dependency_links to ../../build/py_pubsub/py_pubsub.egg-info/dependency_links.txt
[2.413s] writing entry points to ../../build/py_pubsub/py_pubsub.egg-info/entry_points.txt
[2.415s] writing requirements to ../../build/py_pubsub/py_pubsub.egg-info/requires.txt
[2.416s] writing top-level names to ../../build/py_pubsub/py_pubsub.egg-info/top_level.txt
[2.500s] reading manifest file '../../build/py_pubsub/py_pubsub.egg-info/SOURCES.txt'
[2.503s] writing manifest file '../../build/py_pubsub/py_pubsub.egg-info/SOURCES.txt'
[2.504s] running build
[2.504s] running build_py
[2.506s] running install
[2.509s] running install_lib
[2.514s] running install_data
[2.515s] running install_egg_info
[2.519s] removing '/home/asadbek/ros2_ws/install/py_pubsub/lib/python3.8/site-packages/py_pubsub-0.0.0-py3.8.egg-info' (and everything under it)
[2.521s] Copying ../../build/py_pubsub/py_pubsub.egg-info to /home/asadbek/ros2_ws/install/py_pubsub/lib/python3.8/site-packages/py_pubsub-0.0.0-py3.8.egg-info
[2.525s] running install_scripts
[2.563s] Installing talker script to /home/asadbek/ros2_ws/install/py_pubsub/lib/py_pubsub
[2.565s] writing list of installed files to '/home/asadbek/ros2_ws/build/py_pubsub/install.log'
[2.619s] Invoked command in '/home/asadbek/ros2_ws/src/py_pubsub' returned '0': PYTHONPATH=/home/asadbek/ros2_ws/install/py_pubsub/lib/python3.8/site-packages:${PYTHONPATH} /usr/bin/python3 setup.py egg_info --egg-base ../../build/py_pubsub build --build-base /home/asadbek/ros2_ws/build/py_pubsub/build install --prefix /home/asadbek/ros2_ws/install/py_pubsub --record /home/asadbek/ros2_ws/build/py_pubsub/install.log --single-version-externally-managed
