[1.727s] Invoking command in '/home/asadbek/ros2_ws/src/py_pubsub': AMENT_PREFIX_PATH=/home/asadbek/ros2_ws/install/tutorial_interfaces:${AMENT_PREFIX_PATH} CMAKE_PREFIX_PATH=/home/asadbek/ros2_ws/install/tutorial_interfaces:${CMAKE_PREFIX_PATH} LD_LIBRARY_PATH=/home/asadbek/ros2_ws/install/tutorial_interfaces/lib:${LD_LIBRARY_PATH} PYTHONPATH=/home/asadbek/ros2_ws/install/py_pubsub/lib/python3.8/site-packages:/home/asadbek/ros2_ws/install/tutorial_interfaces/lib/python3.8/site-packages:${PYTHONPATH} /usr/bin/python3 setup.py egg_info --egg-base ../../build/py_pubsub build --build-base /home/asadbek/ros2_ws/build/py_pubsub/build install --prefix /home/asadbek/ros2_ws/install/py_pubsub --record /home/asadbek/ros2_ws/build/py_pubsub/install.log --single-version-externally-managed
[2.319s] running egg_info
[2.321s] writing ../../build/py_pubsub/py_pubsub.egg-info/PKG-INFO
[2.322s] writing dependency_links to ../../build/py_pubsub/py_pubsub.egg-info/dependency_links.txt
[2.323s] writing entry points to ../../build/py_pubsub/py_pubsub.egg-info/entry_points.txt
[2.324s] writing requirements to ../../build/py_pubsub/py_pubsub.egg-info/requires.txt
[2.325s] writing top-level names to ../../build/py_pubsub/py_pubsub.egg-info/top_level.txt
[2.409s] reading manifest file '../../build/py_pubsub/py_pubsub.egg-info/SOURCES.txt'
[2.412s] writing manifest file '../../build/py_pubsub/py_pubsub.egg-info/SOURCES.txt'
[2.415s] running build
[2.415s] running build_py
[2.415s] copying py_pubsub/subscriber_member_function.py -> /home/asadbek/ros2_ws/build/py_pubsub/build/lib/py_pubsub
[2.415s] running install
[2.417s] running install_lib
[2.420s] copying /home/asadbek/ros2_ws/build/py_pubsub/build/lib/py_pubsub/subscriber_member_function.py -> /home/asadbek/ros2_ws/install/py_pubsub/lib/python3.8/site-packages/py_pubsub
[2.421s] byte-compiling /home/asadbek/ros2_ws/install/py_pubsub/lib/python3.8/site-packages/py_pubsub/subscriber_member_function.py to subscriber_member_function.cpython-38.pyc
[2.426s] running install_data
[2.427s] running install_egg_info
[2.431s] removing '/home/asadbek/ros2_ws/install/py_pubsub/lib/python3.8/site-packages/py_pubsub-0.0.0-py3.8.egg-info' (and everything under it)
[2.432s] Copying ../../build/py_pubsub/py_pubsub.egg-info to /home/asadbek/ros2_ws/install/py_pubsub/lib/python3.8/site-packages/py_pubsub-0.0.0-py3.8.egg-info
[2.435s] running install_scripts
[2.476s] Installing listener script to /home/asadbek/ros2_ws/install/py_pubsub/lib/py_pubsub
[2.477s] Installing talker script to /home/asadbek/ros2_ws/install/py_pubsub/lib/py_pubsub
[2.478s] writing list of installed files to '/home/asadbek/ros2_ws/build/py_pubsub/install.log'
[2.528s] Invoked command in '/home/asadbek/ros2_ws/src/py_pubsub' returned '0': AMENT_PREFIX_PATH=/home/asadbek/ros2_ws/install/tutorial_interfaces:${AMENT_PREFIX_PATH} CMAKE_PREFIX_PATH=/home/asadbek/ros2_ws/install/tutorial_interfaces:${CMAKE_PREFIX_PATH} LD_LIBRARY_PATH=/home/asadbek/ros2_ws/install/tutorial_interfaces/lib:${LD_LIBRARY_PATH} PYTHONPATH=/home/asadbek/ros2_ws/install/py_pubsub/lib/python3.8/site-packages:/home/asadbek/ros2_ws/install/tutorial_interfaces/lib/python3.8/site-packages:${PYTHONPATH} /usr/bin/python3 setup.py egg_info --egg-base ../../build/py_pubsub build --build-base /home/asadbek/ros2_ws/build/py_pubsub/build install --prefix /home/asadbek/ros2_ws/install/py_pubsub --record /home/asadbek/ros2_ws/build/py_pubsub/install.log --single-version-externally-managed
