[1.681s] Invoking command in '/home/asadbek/ros2_ws/src/py_pubsub': PYTHONPATH=/home/asadbek/ros2_ws/install/py_pubsub/lib/python3.8/site-packages:${PYTHONPATH} /usr/bin/python3 setup.py egg_info --egg-base ../../build/py_pubsub build --build-base /home/asadbek/ros2_ws/build/py_pubsub/build install --prefix /home/asadbek/ros2_ws/install/py_pubsub --record /home/asadbek/ros2_ws/build/py_pubsub/install.log --single-version-externally-managed
[2.241s] running egg_info
[2.243s] writing ../../build/py_pubsub/py_pubsub.egg-info/PKG-INFO
[2.244s] writing dependency_links to ../../build/py_pubsub/py_pubsub.egg-info/dependency_links.txt
[2.245s] writing entry points to ../../build/py_pubsub/py_pubsub.egg-info/entry_points.txt
[2.250s] writing requirements to ../../build/py_pubsub/py_pubsub.egg-info/requires.txt
[2.250s] writing top-level names to ../../build/py_pubsub/py_pubsub.egg-info/top_level.txt
[2.337s] reading manifest file '../../build/py_pubsub/py_pubsub.egg-info/SOURCES.txt'
[2.340s] writing manifest file '../../build/py_pubsub/py_pubsub.egg-info/SOURCES.txt'
[2.343s] running build
[2.345s] running build_py
[2.346s] running install
[2.348s] running install_lib
[2.354s] running install_data
[2.355s] running install_egg_info
[2.360s] removing '/home/asadbek/ros2_ws/install/py_pubsub/lib/python3.8/site-packages/py_pubsub-0.0.0-py3.8.egg-info' (and everything under it)
[2.362s] Copying ../../build/py_pubsub/py_pubsub.egg-info to /home/asadbek/ros2_ws/install/py_pubsub/lib/python3.8/site-packages/py_pubsub-0.0.0-py3.8.egg-info
[2.365s] running install_scripts
[2.408s] Installing talker script to /home/asadbek/ros2_ws/install/py_pubsub/lib/py_pubsub
[2.410s] writing list of installed files to '/home/asadbek/ros2_ws/build/py_pubsub/install.log'
[2.463s] Invoked command in '/home/asadbek/ros2_ws/src/py_pubsub' returned '0': PYTHONPATH=/home/asadbek/ros2_ws/install/py_pubsub/lib/python3.8/site-packages:${PYTHONPATH} /usr/bin/python3 setup.py egg_info --egg-base ../../build/py_pubsub build --build-base /home/asadbek/ros2_ws/build/py_pubsub/build install --prefix /home/asadbek/ros2_ws/install/py_pubsub --record /home/asadbek/ros2_ws/build/py_pubsub/install.log --single-version-externally-managed
