[1.905s] Invoking command in '/home/asadbek/ros2_ws/src/py_pubsub': PYTHONPATH=/home/asadbek/ros2_ws/install/py_pubsub/lib/python3.8/site-packages:${PYTHONPATH} /usr/bin/python3 setup.py egg_info --egg-base ../../build/py_pubsub build --build-base /home/asadbek/ros2_ws/build/py_pubsub/build install --prefix /home/asadbek/ros2_ws/install/py_pubsub --record /home/asadbek/ros2_ws/build/py_pubsub/install.log --single-version-externally-managed
[2.476s] running egg_info
[2.477s] creating ../../build/py_pubsub/py_pubsub.egg-info
[2.477s] writing ../../build/py_pubsub/py_pubsub.egg-info/PKG-INFO
[2.477s] writing dependency_links to ../../build/py_pubsub/py_pubsub.egg-info/dependency_links.txt
[2.478s] writing entry points to ../../build/py_pubsub/py_pubsub.egg-info/entry_points.txt
[2.478s] writing requirements to ../../build/py_pubsub/py_pubsub.egg-info/requires.txt
[2.478s] writing top-level names to ../../build/py_pubsub/py_pubsub.egg-info/top_level.txt
[2.493s] writing manifest file '../../build/py_pubsub/py_pubsub.egg-info/SOURCES.txt'
[2.568s] reading manifest file '../../build/py_pubsub/py_pubsub.egg-info/SOURCES.txt'
[2.575s] writing manifest file '../../build/py_pubsub/py_pubsub.egg-info/SOURCES.txt'
[2.575s] running build
[2.576s] running build_py
[2.576s] creating /home/asadbek/ros2_ws/build/py_pubsub/build
[2.577s] creating /home/asadbek/ros2_ws/build/py_pubsub/build/lib
[2.577s] creating /home/asadbek/ros2_ws/build/py_pubsub/build/lib/py_pubsub
[2.577s] copying py_pubsub/__init__.py -> /home/asadbek/ros2_ws/build/py_pubsub/build/lib/py_pubsub
[2.577s] copying py_pubsub/publisher_member_function.py -> /home/asadbek/ros2_ws/build/py_pubsub/build/lib/py_pubsub
[2.578s] copying py_pubsub/subscriber_member_function.py -> /home/asadbek/ros2_ws/build/py_pubsub/build/lib/py_pubsub
[2.578s] copying py_pubsub/setup.py -> /home/asadbek/ros2_ws/build/py_pubsub/build/lib/py_pubsub
[2.578s] running install
[2.579s] running install_lib
[2.582s] creating /home/asadbek/ros2_ws/install/py_pubsub/lib/python3.8/site-packages/py_pubsub
[2.582s] copying /home/asadbek/ros2_ws/build/py_pubsub/build/lib/py_pubsub/__init__.py -> /home/asadbek/ros2_ws/install/py_pubsub/lib/python3.8/site-packages/py_pubsub
[2.583s] copying /home/asadbek/ros2_ws/build/py_pubsub/build/lib/py_pubsub/publisher_member_function.py -> /home/asadbek/ros2_ws/install/py_pubsub/lib/python3.8/site-packages/py_pubsub
[2.583s] copying /home/asadbek/ros2_ws/build/py_pubsub/build/lib/py_pubsub/subscriber_member_function.py -> /home/asadbek/ros2_ws/install/py_pubsub/lib/python3.8/site-packages/py_pubsub
[2.583s] copying /home/asadbek/ros2_ws/build/py_pubsub/build/lib/py_pubsub/setup.py -> /home/asadbek/ros2_ws/install/py_pubsub/lib/python3.8/site-packages/py_pubsub
[2.584s] byte-compiling /home/asadbek/ros2_ws/install/py_pubsub/lib/python3.8/site-packages/py_pubsub/__init__.py to __init__.cpython-38.pyc
[2.589s] byte-compiling /home/asadbek/ros2_ws/install/py_pubsub/lib/python3.8/site-packages/py_pubsub/publisher_member_function.py to publisher_member_function.cpython-38.pyc
[2.591s] byte-compiling /home/asadbek/ros2_ws/install/py_pubsub/lib/python3.8/site-packages/py_pubsub/subscriber_member_function.py to subscriber_member_function.cpython-38.pyc
[2.592s] byte-compiling /home/asadbek/ros2_ws/install/py_pubsub/lib/python3.8/site-packages/py_pubsub/setup.py to setup.cpython-38.pyc
[2.592s] running install_data
[2.594s] creating /home/asadbek/ros2_ws/install/py_pubsub/share/ament_index
[2.594s] creating /home/asadbek/ros2_ws/install/py_pubsub/share/ament_index/resource_index
[2.594s] creating /home/asadbek/ros2_ws/install/py_pubsub/share/ament_index/resource_index/packages
[2.595s] copying resource/py_pubsub -> /home/asadbek/ros2_ws/install/py_pubsub/share/ament_index/resource_index/packages
[2.595s] copying package.xml -> /home/asadbek/ros2_ws/install/py_pubsub/share/py_pubsub
[2.595s] running install_egg_info
[2.598s] Copying ../../build/py_pubsub/py_pubsub.egg-info to /home/asadbek/ros2_ws/install/py_pubsub/lib/python3.8/site-packages/py_pubsub-0.0.0-py3.8.egg-info
[2.601s] running install_scripts
[2.639s] Installing talker script to /home/asadbek/ros2_ws/install/py_pubsub/lib/py_pubsub
[2.640s] writing list of installed files to '/home/asadbek/ros2_ws/build/py_pubsub/install.log'
[2.701s] Invoked command in '/home/asadbek/ros2_ws/src/py_pubsub' returned '0': PYTHONPATH=/home/asadbek/ros2_ws/install/py_pubsub/lib/python3.8/site-packages:${PYTHONPATH} /usr/bin/python3 setup.py egg_info --egg-base ../../build/py_pubsub build --build-base /home/asadbek/ros2_ws/build/py_pubsub/build install --prefix /home/asadbek/ros2_ws/install/py_pubsub --record /home/asadbek/ros2_ws/build/py_pubsub/install.log --single-version-externally-managed
