[0.102s] Invoking command in '/home/asadbek/ros2_ws/build/tutorial_interfaces': CMAKE_PREFIX_PATH=/opt/ros/foxy:${CMAKE_PREFIX_PATH} /usr/bin/cmake /home/asadbek/ros2_ws/src/tutorial_interfaces -DCMAKE_INSTALL_PREFIX=/home/asadbek/ros2_ws/install/tutorial_interfaces
[0.556s] -- The C compiler identification is GNU 9.4.0
[0.850s] -- The CXX compiler identification is GNU 9.4.0
[0.883s] -- Check for working C compiler: /usr/bin/cc
[1.087s] -- Check for working C compiler: /usr/bin/cc -- works
[1.094s] -- Detecting C compiler ABI info
[1.295s] -- Detecting C compiler ABI info - done
[1.321s] -- Detecting C compile features
[1.323s] -- Detecting C compile features - done
[1.334s] -- Check for working CXX compiler: /usr/bin/c++
[1.556s] -- Check for working CXX compiler: /usr/bin/c++ -- works
[1.558s] -- Detecting CXX compiler ABI info
[1.776s] -- Detecting CXX compiler ABI info - done
[1.802s] -- Detecting CXX compile features
[1.803s] -- Detecting CXX compile features - done
[1.816s] -- Found geometry_msgs: 2.0.5 (/opt/ros/foxy/share/geometry_msgs/cmake)
[1.904s] -- Found PythonInterp: /usr/bin/python3 (found suitable version "3.8.10", minimum required is "3") 
[1.905s] -- Using PYTHON_EXECUTABLE: /usr/bin/python3
[2.717s] -- Using all available rosidl_typesupport_c: rosidl_typesupport_fastrtps_c;rosidl_typesupport_introspection_c
[2.756s] -- Found rosidl_adapter: 1.2.1 (/opt/ros/foxy/share/rosidl_adapter/cmake)
[3.128s] -- Found OpenSSL: /usr/lib/x86_64-linux-gnu/libcrypto.so (found version "1.1.1f")  
[3.227s] -- Found FastRTPS: /opt/ros/foxy/include  
[3.531s] -- Using all available rosidl_typesupport_cpp: rosidl_typesupport_fastrtps_cpp;rosidl_typesupport_introspection_cpp
[3.866s] -- Found rosidl_default_generators: 1.0.1 (/opt/ros/foxy/share/rosidl_default_generators/cmake)
[3.984s] -- Found PythonInterp: /usr/bin/python3 (found version "3.8.10") 
[4.478s] -- Found ament_cmake_ros: 0.9.2 (/opt/ros/foxy/share/ament_cmake_ros/cmake)
[5.240s] -- Using all available rosidl_typesupport_c: rosidl_typesupport_fastrtps_c;rosidl_typesupport_introspection_c
[5.578s] -- Using all available rosidl_typesupport_cpp: rosidl_typesupport_fastrtps_cpp;rosidl_typesupport_introspection_cpp
[5.648s] -- Found PythonInterp: /usr/bin/python3 (found suitable version "3.8.10", minimum required is "3.5") 
[5.658s] -- Found python_cmake_module: 0.8.1 (/opt/ros/foxy/share/python_cmake_module/cmake)
[5.731s] -- Found PythonLibs: /usr/lib/x86_64-linux-gnu/libpython3.8.so (found suitable version "3.8.10", minimum required is "3.5") 
[5.731s] -- Using PYTHON_EXECUTABLE: /usr/bin/python3
[5.731s] -- Using PYTHON_INCLUDE_DIRS: /usr/include/python3.8
[5.731s] -- Using PYTHON_LIBRARIES: /usr/lib/x86_64-linux-gnu/libpython3.8.so
[5.789s] -- Found PythonExtra: .so  
[6.007s] -- Found ament_lint_auto: 0.9.6 (/opt/ros/foxy/share/ament_lint_auto/cmake)
[6.135s] -- Added test 'copyright' to check source files copyright and LICENSE
[6.147s] -- Added test 'lint_cmake' to check CMake code style
[6.155s] -- Added test 'xmllint' to check XML markup files
[6.175s] -- Configuring done
[6.370s] -- Generating done
[6.378s] -- Build files have been written to: /home/asadbek/ros2_ws/build/tutorial_interfaces
[6.409s] Invoked command in '/home/asadbek/ros2_ws/build/tutorial_interfaces' returned '0': CMAKE_PREFIX_PATH=/opt/ros/foxy:${CMAKE_PREFIX_PATH} /usr/bin/cmake /home/asadbek/ros2_ws/src/tutorial_interfaces -DCMAKE_INSTALL_PREFIX=/home/asadbek/ros2_ws/install/tutorial_interfaces
[6.416s] Invoking command in '/home/asadbek/ros2_ws/build/tutorial_interfaces': CMAKE_PREFIX_PATH=/opt/ros/foxy:${CMAKE_PREFIX_PATH} /usr/bin/cmake --build /home/asadbek/ros2_ws/build/tutorial_interfaces -- -j2 -l2
[6.541s] [35m[1mScanning dependencies of target tutorial_interfaces__cpp[0m
[6.544s] [  2%] [34m[1mGenerating C code for ROS interfaces[0m
[6.580s] [  4%] [34m[1mGenerating C++ code for ROS interfaces[0m
[7.768s] [  4%] Built target tutorial_interfaces__cpp
[7.782s] [35m[1mScanning dependencies of target tutorial_interfaces__rosidl_generator_c[0m
[7.805s] [  6%] [34m[1mGenerating C++ type support dispatch for ROS interfaces[0m
[7.834s] [  8%] [32mBuilding C object CMakeFiles/tutorial_interfaces__rosidl_generator_c.dir/rosidl_generator_c/tutorial_interfaces/msg/detail/num__functions.c.o[0m
[8.004s] [ 10%] [32mBuilding C object CMakeFiles/tutorial_interfaces__rosidl_generator_c.dir/rosidl_generator_c/tutorial_interfaces/msg/detail/sphere__functions.c.o[0m
[8.130s] [ 12%] [32mBuilding C object CMakeFiles/tutorial_interfaces__rosidl_generator_c.dir/rosidl_generator_c/tutorial_interfaces/srv/detail/add_three_ints__functions.c.o[0m
[8.268s] [ 14%] [32m[1mLinking C shared library libtutorial_interfaces__rosidl_generator_c.so[0m
[8.430s] [ 14%] Built target tutorial_interfaces__rosidl_generator_c
[8.469s] [ 17%] [34m[1mGenerating C++ type support for eProsima Fast-RTPS[0m
[8.627s] [35m[1mScanning dependencies of target tutorial_interfaces__rosidl_typesupport_cpp[0m
[8.688s] [ 19%] [32mBuilding CXX object CMakeFiles/tutorial_interfaces__rosidl_typesupport_cpp.dir/rosidl_typesupport_cpp/tutorial_interfaces/msg/num__type_support.cpp.o[0m
[9.493s] [35m[1mScanning dependencies of target tutorial_interfaces__rosidl_typesupport_fastrtps_cpp[0m
[9.599s] [ 21%] [32mBuilding CXX object CMakeFiles/tutorial_interfaces__rosidl_typesupport_fastrtps_cpp.dir/rosidl_typesupport_fastrtps_cpp/tutorial_interfaces/msg/detail/dds_fastrtps/num__type_support.cpp.o[0m
[9.784s] [ 23%] [32mBuilding CXX object CMakeFiles/tutorial_interfaces__rosidl_typesupport_cpp.dir/rosidl_typesupport_cpp/tutorial_interfaces/msg/sphere__type_support.cpp.o[0m
[10.667s] [ 25%] [32mBuilding CXX object CMakeFiles/tutorial_interfaces__rosidl_typesupport_cpp.dir/rosidl_typesupport_cpp/tutorial_interfaces/srv/add_three_ints__type_support.cpp.o[0m
[10.954s] [ 27%] [32mBuilding CXX object CMakeFiles/tutorial_interfaces__rosidl_typesupport_fastrtps_cpp.dir/rosidl_typesupport_fastrtps_cpp/tutorial_interfaces/msg/detail/dds_fastrtps/sphere__type_support.cpp.o[0m
[11.599s] [ 29%] [32m[1mLinking CXX shared library libtutorial_interfaces__rosidl_typesupport_cpp.so[0m
[11.733s] [ 29%] Built target tutorial_interfaces__rosidl_typesupport_cpp
[11.765s] [ 31%] [32mBuilding CXX object CMakeFiles/tutorial_interfaces__rosidl_typesupport_fastrtps_cpp.dir/rosidl_typesupport_fastrtps_cpp/tutorial_interfaces/srv/detail/dds_fastrtps/add_three_ints__type_support.cpp.o[0m
[12.333s] [ 34%] [34m[1mGenerating C introspection for ROS interfaces[0m
[13.522s] [ 36%] [32m[1mLinking CXX shared library libtutorial_interfaces__rosidl_typesupport_fastrtps_cpp.so[0m
[13.574s] [35m[1mScanning dependencies of target tutorial_interfaces__rosidl_typesupport_introspection_c[0m
[13.634s] [ 38%] [32mBuilding C object CMakeFiles/tutorial_interfaces__rosidl_typesupport_introspection_c.dir/rosidl_typesupport_introspection_c/tutorial_interfaces/msg/detail/num__type_support.c.o[0m
[13.755s] [ 40%] [32mBuilding C object CMakeFiles/tutorial_interfaces__rosidl_typesupport_introspection_c.dir/rosidl_typesupport_introspection_c/tutorial_interfaces/msg/detail/sphere__type_support.c.o[0m
[14.020s] [ 42%] [32mBuilding C object CMakeFiles/tutorial_interfaces__rosidl_typesupport_introspection_c.dir/rosidl_typesupport_introspection_c/tutorial_interfaces/srv/detail/add_three_ints__type_support.c.o[0m
[14.034s] [ 42%] Built target tutorial_interfaces__rosidl_typesupport_fastrtps_cpp
[14.080s] [ 44%] [34m[1mGenerating C type support dispatch for ROS interfaces[0m
[14.176s] [ 46%] [32m[1mLinking C shared library libtutorial_interfaces__rosidl_typesupport_introspection_c.so[0m
[14.319s] [ 46%] Built target tutorial_interfaces__rosidl_typesupport_introspection_c
[14.357s] [ 48%] [34m[1mGenerating C++ introspection for ROS interfaces[0m
[14.865s] [35m[1mScanning dependencies of target tutorial_interfaces__rosidl_typesupport_c[0m
[14.908s] [ 51%] [32mBuilding CXX object CMakeFiles/tutorial_interfaces__rosidl_typesupport_c.dir/rosidl_typesupport_c/tutorial_interfaces/msg/num__type_support.cpp.o[0m
[15.018s] [ 53%] [32mBuilding CXX object CMakeFiles/tutorial_interfaces__rosidl_typesupport_c.dir/rosidl_typesupport_c/tutorial_interfaces/msg/sphere__type_support.cpp.o[0m
[15.123s] [ 55%] [32mBuilding CXX object CMakeFiles/tutorial_interfaces__rosidl_typesupport_c.dir/rosidl_typesupport_c/tutorial_interfaces/srv/add_three_ints__type_support.cpp.o[0m
[15.221s] [ 57%] [32m[1mLinking CXX shared library libtutorial_interfaces__rosidl_typesupport_c.so[0m
[15.293s] [35m[1mScanning dependencies of target tutorial_interfaces__rosidl_typesupport_introspection_cpp[0m
[15.434s] [ 59%] [32mBuilding CXX object CMakeFiles/tutorial_interfaces__rosidl_typesupport_introspection_cpp.dir/rosidl_typesupport_introspection_cpp/tutorial_interfaces/msg/detail/num__type_support.cpp.o[0m
[15.521s] [ 59%] Built target tutorial_interfaces__rosidl_typesupport_c
[15.579s] [ 61%] [32mBuilding CXX object CMakeFiles/tutorial_interfaces__rosidl_typesupport_introspection_cpp.dir/rosidl_typesupport_introspection_cpp/tutorial_interfaces/msg/detail/sphere__type_support.cpp.o[0m
[16.438s] [ 63%] [32mBuilding CXX object CMakeFiles/tutorial_interfaces__rosidl_typesupport_introspection_cpp.dir/rosidl_typesupport_introspection_cpp/tutorial_interfaces/srv/detail/add_three_ints__type_support.cpp.o[0m
[16.468s] [ 65%] [34m[1mGenerating C type support for eProsima Fast-RTPS[0m
[17.373s] [ 68%] [32m[1mLinking CXX shared library libtutorial_interfaces__rosidl_typesupport_introspection_cpp.so[0m
[17.436s] [35m[1mScanning dependencies of target tutorial_interfaces__rosidl_typesupport_fastrtps_c[0m
[17.524s] [ 70%] [32mBuilding CXX object CMakeFiles/tutorial_interfaces__rosidl_typesupport_fastrtps_c.dir/rosidl_typesupport_fastrtps_c/tutorial_interfaces/msg/detail/num__type_support_c.cpp.o[0m
[17.584s] [ 70%] Built target tutorial_interfaces__rosidl_typesupport_introspection_cpp
[17.616s] [ 72%] [32mBuilding CXX object CMakeFiles/tutorial_interfaces__rosidl_typesupport_fastrtps_c.dir/rosidl_typesupport_fastrtps_c/tutorial_interfaces/msg/detail/sphere__type_support_c.cpp.o[0m
[18.650s] [ 74%] [32mBuilding CXX object CMakeFiles/tutorial_interfaces__rosidl_typesupport_fastrtps_c.dir/rosidl_typesupport_fastrtps_c/tutorial_interfaces/srv/detail/add_three_ints__type_support_c.cpp.o[0m
[19.621s] [ 76%] [32m[1mLinking CXX shared library libtutorial_interfaces__rosidl_typesupport_fastrtps_c.so[0m
[19.881s] [ 76%] Built target tutorial_interfaces__rosidl_typesupport_fastrtps_c
[19.914s] [35m[1mScanning dependencies of target tutorial_interfaces[0m
[19.946s] [ 76%] Built target tutorial_interfaces
[19.981s] [35m[1mScanning dependencies of target tutorial_interfaces__py[0m
[20.017s] [ 78%] [34m[1mGenerating Python code for ROS interfaces[0m
[22.041s] [ 78%] Built target tutorial_interfaces__py
[22.072s] [35m[1mScanning dependencies of target tutorial_interfaces__python[0m
[22.227s] [ 80%] [32mBuilding C object CMakeFiles/tutorial_interfaces__python.dir/rosidl_generator_py/tutorial_interfaces/msg/_num_s.c.o[0m
[22.228s] [ 82%] [32mBuilding C object CMakeFiles/tutorial_interfaces__python.dir/rosidl_generator_py/tutorial_interfaces/msg/_sphere_s.c.o[0m
[22.582s] [ 85%] [32mBuilding C object CMakeFiles/tutorial_interfaces__python.dir/rosidl_generator_py/tutorial_interfaces/srv/_add_three_ints_s.c.o[0m
[22.953s] [ 87%] [32m[1mLinking C shared library rosidl_generator_py/tutorial_interfaces/libtutorial_interfaces__python.so[0m
[23.117s] [ 87%] Built target tutorial_interfaces__python
[23.153s] [35m[1mScanning dependencies of target tutorial_interfaces__rosidl_typesupport_c__pyext[0m
[23.154s] [35m[1mScanning dependencies of target tutorial_interfaces__rosidl_typesupport_introspection_c__pyext[0m
[23.246s] [ 89%] [32mBuilding C object CMakeFiles/tutorial_interfaces__rosidl_typesupport_c__pyext.dir/rosidl_generator_py/tutorial_interfaces/_tutorial_interfaces_s.ep.rosidl_typesupport_c.c.o[0m
[23.253s] [ 91%] [32mBuilding C object CMakeFiles/tutorial_interfaces__rosidl_typesupport_introspection_c__pyext.dir/rosidl_generator_py/tutorial_interfaces/_tutorial_interfaces_s.ep.rosidl_typesupport_introspection_c.c.o[0m
[23.549s] [ 93%] [32m[1mLinking C shared library rosidl_generator_py/tutorial_interfaces/tutorial_interfaces_s__rosidl_typesupport_c.cpython-38-x86_64-linux-gnu.so[0m
[23.590s] [ 95%] [32m[1mLinking C shared library rosidl_generator_py/tutorial_interfaces/tutorial_interfaces_s__rosidl_typesupport_introspection_c.cpython-38-x86_64-linux-gnu.so[0m
[23.688s] [ 95%] Built target tutorial_interfaces__rosidl_typesupport_c__pyext
[23.726s] [ 95%] Built target tutorial_interfaces__rosidl_typesupport_introspection_c__pyext
[23.728s] [35m[1mScanning dependencies of target tutorial_interfaces__rosidl_typesupport_fastrtps_c__pyext[0m
[23.789s] [ 97%] [32mBuilding C object CMakeFiles/tutorial_interfaces__rosidl_typesupport_fastrtps_c__pyext.dir/rosidl_generator_py/tutorial_interfaces/_tutorial_interfaces_s.ep.rosidl_typesupport_fastrtps_c.c.o[0m
[24.042s] [100%] [32m[1mLinking CXX shared library rosidl_generator_py/tutorial_interfaces/tutorial_interfaces_s__rosidl_typesupport_fastrtps_c.cpython-38-x86_64-linux-gnu.so[0m
[24.351s] [100%] Built target tutorial_interfaces__rosidl_typesupport_fastrtps_c__pyext
[24.400s] Invoked command in '/home/asadbek/ros2_ws/build/tutorial_interfaces' returned '0': CMAKE_PREFIX_PATH=/opt/ros/foxy:${CMAKE_PREFIX_PATH} /usr/bin/cmake --build /home/asadbek/ros2_ws/build/tutorial_interfaces -- -j2 -l2
[24.798s] Invoking command in '/home/asadbek/ros2_ws/build/tutorial_interfaces': CMAKE_PREFIX_PATH=/opt/ros/foxy:${CMAKE_PREFIX_PATH} /usr/bin/cmake --install /home/asadbek/ros2_ws/build/tutorial_interfaces
[24.826s] -- Install configuration: ""
[24.827s] -- Installing: /home/asadbek/ros2_ws/install/tutorial_interfaces/share/ament_index/resource_index/rosidl_interfaces/tutorial_interfaces
[24.828s] -- Installing: /home/asadbek/ros2_ws/install/tutorial_interfaces/include/tutorial_interfaces
[24.829s] -- Installing: /home/asadbek/ros2_ws/install/tutorial_interfaces/include/tutorial_interfaces/msg
[24.829s] -- Installing: /home/asadbek/ros2_ws/install/tutorial_interfaces/include/tutorial_interfaces/msg/num.h
[24.830s] -- Installing: /home/asadbek/ros2_ws/install/tutorial_interfaces/include/tutorial_interfaces/msg/detail
[24.831s] -- Installing: /home/asadbek/ros2_ws/install/tutorial_interfaces/include/tutorial_interfaces/msg/detail/num__functions.c
[24.832s] -- Installing: /home/asadbek/ros2_ws/install/tutorial_interfaces/include/tutorial_interfaces/msg/detail/sphere__functions.c
[24.832s] -- Installing: /home/asadbek/ros2_ws/install/tutorial_interfaces/include/tutorial_interfaces/msg/detail/sphere__struct.h
[24.833s] -- Installing: /home/asadbek/ros2_ws/install/tutorial_interfaces/include/tutorial_interfaces/msg/detail/num__type_support.h
[24.836s] -- Installing: /home/asadbek/ros2_ws/install/tutorial_interfaces/include/tutorial_interfaces/msg/detail/sphere__functions.h
[24.837s] -- Installing: /home/asadbek/ros2_ws/install/tutorial_interfaces/include/tutorial_interfaces/msg/detail/sphere__type_support.h
[24.838s] -- Installing: /home/asadbek/ros2_ws/install/tutorial_interfaces/include/tutorial_interfaces/msg/detail/num__functions.h
[24.839s] -- Installing: /home/asadbek/ros2_ws/install/tutorial_interfaces/include/tutorial_interfaces/msg/detail/num__struct.h
[24.840s] -- Installing: /home/asadbek/ros2_ws/install/tutorial_interfaces/include/tutorial_interfaces/msg/sphere.h
[24.840s] -- Installing: /home/asadbek/ros2_ws/install/tutorial_interfaces/include/tutorial_interfaces/msg/rosidl_generator_c__visibility_control.h
[24.841s] -- Installing: /home/asadbek/ros2_ws/install/tutorial_interfaces/include/tutorial_interfaces/srv
[24.842s] -- Installing: /home/asadbek/ros2_ws/install/tutorial_interfaces/include/tutorial_interfaces/srv/detail
[24.843s] -- Installing: /home/asadbek/ros2_ws/install/tutorial_interfaces/include/tutorial_interfaces/srv/detail/add_three_ints__type_support.h
[24.843s] -- Installing: /home/asadbek/ros2_ws/install/tutorial_interfaces/include/tutorial_interfaces/srv/detail/add_three_ints__functions.h
[24.844s] -- Installing: /home/asadbek/ros2_ws/install/tutorial_interfaces/include/tutorial_interfaces/srv/detail/add_three_ints__struct.h
[24.845s] -- Installing: /home/asadbek/ros2_ws/install/tutorial_interfaces/include/tutorial_interfaces/srv/detail/add_three_ints__functions.c
[24.846s] -- Installing: /home/asadbek/ros2_ws/install/tutorial_interfaces/include/tutorial_interfaces/srv/add_three_ints.h
[24.848s] -- Installing: /home/asadbek/ros2_ws/install/tutorial_interfaces/share/tutorial_interfaces/environment/library_path.sh
[24.851s] -- Installing: /home/asadbek/ros2_ws/install/tutorial_interfaces/share/tutorial_interfaces/environment/library_path.dsv
[24.853s] -- Installing: /home/asadbek/ros2_ws/install/tutorial_interfaces/lib/libtutorial_interfaces__rosidl_generator_c.so
[24.854s] -- Set runtime path of "/home/asadbek/ros2_ws/install/tutorial_interfaces/lib/libtutorial_interfaces__rosidl_generator_c.so" to ""
[24.855s] -- Up-to-date: /home/asadbek/ros2_ws/install/tutorial_interfaces/include/tutorial_interfaces
[24.855s] -- Up-to-date: /home/asadbek/ros2_ws/install/tutorial_interfaces/include/tutorial_interfaces/msg
[24.856s] -- Up-to-date: /home/asadbek/ros2_ws/install/tutorial_interfaces/include/tutorial_interfaces/msg/detail
[24.856s] -- Installing: /home/asadbek/ros2_ws/install/tutorial_interfaces/include/tutorial_interfaces/msg/detail/num__rosidl_typesupport_fastrtps_c.h
[24.857s] -- Installing: /home/asadbek/ros2_ws/install/tutorial_interfaces/include/tutorial_interfaces/msg/detail/sphere__rosidl_typesupport_fastrtps_c.h
[24.858s] -- Installing: /home/asadbek/ros2_ws/install/tutorial_interfaces/include/tutorial_interfaces/msg/rosidl_typesupport_fastrtps_c__visibility_control.h
[24.859s] -- Up-to-date: /home/asadbek/ros2_ws/install/tutorial_interfaces/include/tutorial_interfaces/srv
[24.859s] -- Up-to-date: /home/asadbek/ros2_ws/install/tutorial_interfaces/include/tutorial_interfaces/srv/detail
[24.860s] -- Installing: /home/asadbek/ros2_ws/install/tutorial_interfaces/include/tutorial_interfaces/srv/detail/add_three_ints__rosidl_typesupport_fastrtps_c.h
[24.861s] -- Installing: /home/asadbek/ros2_ws/install/tutorial_interfaces/lib/libtutorial_interfaces__rosidl_typesupport_fastrtps_c.so
[24.863s] -- Set runtime path of "/home/asadbek/ros2_ws/install/tutorial_interfaces/lib/libtutorial_interfaces__rosidl_typesupport_fastrtps_c.so" to ""
[24.863s] -- Up-to-date: /home/asadbek/ros2_ws/install/tutorial_interfaces/include/tutorial_interfaces
[24.864s] -- Up-to-date: /home/asadbek/ros2_ws/install/tutorial_interfaces/include/tutorial_interfaces/msg
[24.864s] -- Installing: /home/asadbek/ros2_ws/install/tutorial_interfaces/include/tutorial_interfaces/msg/rosidl_typesupport_fastrtps_cpp__visibility_control.h
[24.865s] -- Up-to-date: /home/asadbek/ros2_ws/install/tutorial_interfaces/include/tutorial_interfaces/msg/detail
[24.865s] -- Installing: /home/asadbek/ros2_ws/install/tutorial_interfaces/include/tutorial_interfaces/msg/detail/sphere__rosidl_typesupport_fastrtps_cpp.hpp
[24.871s] -- Installing: /home/asadbek/ros2_ws/install/tutorial_interfaces/include/tutorial_interfaces/msg/detail/num__rosidl_typesupport_fastrtps_cpp.hpp
[24.871s] -- Installing: /home/asadbek/ros2_ws/install/tutorial_interfaces/include/tutorial_interfaces/msg/detail/dds_fastrtps
[24.876s] -- Up-to-date: /home/asadbek/ros2_ws/install/tutorial_interfaces/include/tutorial_interfaces/srv
[24.879s] -- Up-to-date: /home/asadbek/ros2_ws/install/tutorial_interfaces/include/tutorial_interfaces/srv/detail
[24.882s] -- Installing: /home/asadbek/ros2_ws/install/tutorial_interfaces/include/tutorial_interfaces/srv/detail/add_three_ints__rosidl_typesupport_fastrtps_cpp.hpp
[24.883s] -- Installing: /home/asadbek/ros2_ws/install/tutorial_interfaces/include/tutorial_interfaces/srv/detail/dds_fastrtps
[24.883s] -- Installing: /home/asadbek/ros2_ws/install/tutorial_interfaces/lib/libtutorial_interfaces__rosidl_typesupport_fastrtps_cpp.so
[24.883s] -- Set runtime path of "/home/asadbek/ros2_ws/install/tutorial_interfaces/lib/libtutorial_interfaces__rosidl_typesupport_fastrtps_cpp.so" to ""
[24.884s] -- Up-to-date: /home/asadbek/ros2_ws/install/tutorial_interfaces/include/tutorial_interfaces
[24.884s] -- Up-to-date: /home/asadbek/ros2_ws/install/tutorial_interfaces/include/tutorial_interfaces/msg
[24.884s] -- Installing: /home/asadbek/ros2_ws/install/tutorial_interfaces/include/tutorial_interfaces/msg/rosidl_typesupport_introspection_c__visibility_control.h
[24.885s] -- Up-to-date: /home/asadbek/ros2_ws/install/tutorial_interfaces/include/tutorial_interfaces/msg/detail
[24.885s] -- Installing: /home/asadbek/ros2_ws/install/tutorial_interfaces/include/tutorial_interfaces/msg/detail/sphere__rosidl_typesupport_introspection_c.h
[24.885s] -- Installing: /home/asadbek/ros2_ws/install/tutorial_interfaces/include/tutorial_interfaces/msg/detail/sphere__type_support.c
[24.885s] -- Installing: /home/asadbek/ros2_ws/install/tutorial_interfaces/include/tutorial_interfaces/msg/detail/num__rosidl_typesupport_introspection_c.h
[24.886s] -- Installing: /home/asadbek/ros2_ws/install/tutorial_interfaces/include/tutorial_interfaces/msg/detail/num__type_support.c
[24.886s] -- Up-to-date: /home/asadbek/ros2_ws/install/tutorial_interfaces/include/tutorial_interfaces/srv
[24.886s] -- Up-to-date: /home/asadbek/ros2_ws/install/tutorial_interfaces/include/tutorial_interfaces/srv/detail
[24.886s] -- Installing: /home/asadbek/ros2_ws/install/tutorial_interfaces/include/tutorial_interfaces/srv/detail/add_three_ints__type_support.c
[24.886s] -- Installing: /home/asadbek/ros2_ws/install/tutorial_interfaces/include/tutorial_interfaces/srv/detail/add_three_ints__rosidl_typesupport_introspection_c.h
[24.887s] -- Installing: /home/asadbek/ros2_ws/install/tutorial_interfaces/lib/libtutorial_interfaces__rosidl_typesupport_introspection_c.so
[24.887s] -- Set runtime path of "/home/asadbek/ros2_ws/install/tutorial_interfaces/lib/libtutorial_interfaces__rosidl_typesupport_introspection_c.so" to ""
[24.887s] -- Installing: /home/asadbek/ros2_ws/install/tutorial_interfaces/lib/libtutorial_interfaces__rosidl_typesupport_c.so
[24.889s] -- Set runtime path of "/home/asadbek/ros2_ws/install/tutorial_interfaces/lib/libtutorial_interfaces__rosidl_typesupport_c.so" to ""
[24.889s] -- Up-to-date: /home/asadbek/ros2_ws/install/tutorial_interfaces/include/tutorial_interfaces
[24.890s] -- Up-to-date: /home/asadbek/ros2_ws/install/tutorial_interfaces/include/tutorial_interfaces/msg
[24.890s] -- Installing: /home/asadbek/ros2_ws/install/tutorial_interfaces/include/tutorial_interfaces/msg/sphere.hpp
[24.890s] -- Up-to-date: /home/asadbek/ros2_ws/install/tutorial_interfaces/include/tutorial_interfaces/msg/detail
[24.891s] -- Installing: /home/asadbek/ros2_ws/install/tutorial_interfaces/include/tutorial_interfaces/msg/detail/sphere__builder.hpp
[24.891s] -- Installing: /home/asadbek/ros2_ws/install/tutorial_interfaces/include/tutorial_interfaces/msg/detail/sphere__struct.hpp
[24.891s] -- Installing: /home/asadbek/ros2_ws/install/tutorial_interfaces/include/tutorial_interfaces/msg/detail/sphere__traits.hpp
[24.892s] -- Installing: /home/asadbek/ros2_ws/install/tutorial_interfaces/include/tutorial_interfaces/msg/detail/num__struct.hpp
[24.892s] -- Installing: /home/asadbek/ros2_ws/install/tutorial_interfaces/include/tutorial_interfaces/msg/detail/num__builder.hpp
[24.892s] -- Installing: /home/asadbek/ros2_ws/install/tutorial_interfaces/include/tutorial_interfaces/msg/detail/num__traits.hpp
[24.894s] -- Installing: /home/asadbek/ros2_ws/install/tutorial_interfaces/include/tutorial_interfaces/msg/num.hpp
[24.895s] -- Up-to-date: /home/asadbek/ros2_ws/install/tutorial_interfaces/include/tutorial_interfaces/srv
[24.896s] -- Installing: /home/asadbek/ros2_ws/install/tutorial_interfaces/include/tutorial_interfaces/srv/add_three_ints.hpp
[24.896s] -- Up-to-date: /home/asadbek/ros2_ws/install/tutorial_interfaces/include/tutorial_interfaces/srv/detail
[24.896s] -- Installing: /home/asadbek/ros2_ws/install/tutorial_interfaces/include/tutorial_interfaces/srv/detail/add_three_ints__struct.hpp
[24.897s] -- Installing: /home/asadbek/ros2_ws/install/tutorial_interfaces/include/tutorial_interfaces/srv/detail/add_three_ints__traits.hpp
[24.897s] -- Installing: /home/asadbek/ros2_ws/install/tutorial_interfaces/include/tutorial_interfaces/srv/detail/add_three_ints__builder.hpp
[24.898s] -- Up-to-date: /home/asadbek/ros2_ws/install/tutorial_interfaces/include/tutorial_interfaces
[24.899s] -- Up-to-date: /home/asadbek/ros2_ws/install/tutorial_interfaces/include/tutorial_interfaces/msg
[24.899s] -- Up-to-date: /home/asadbek/ros2_ws/install/tutorial_interfaces/include/tutorial_interfaces/msg/detail
[24.900s] -- Installing: /home/asadbek/ros2_ws/install/tutorial_interfaces/include/tutorial_interfaces/msg/detail/num__rosidl_typesupport_introspection_cpp.hpp
[24.901s] -- Installing: /home/asadbek/ros2_ws/install/tutorial_interfaces/include/tutorial_interfaces/msg/detail/num__type_support.cpp
[24.901s] -- Installing: /home/asadbek/ros2_ws/install/tutorial_interfaces/include/tutorial_interfaces/msg/detail/sphere__rosidl_typesupport_introspection_cpp.hpp
[24.902s] -- Installing: /home/asadbek/ros2_ws/install/tutorial_interfaces/include/tutorial_interfaces/msg/detail/sphere__type_support.cpp
[24.902s] -- Up-to-date: /home/asadbek/ros2_ws/install/tutorial_interfaces/include/tutorial_interfaces/srv
[24.903s] -- Up-to-date: /home/asadbek/ros2_ws/install/tutorial_interfaces/include/tutorial_interfaces/srv/detail
[24.903s] -- Installing: /home/asadbek/ros2_ws/install/tutorial_interfaces/include/tutorial_interfaces/srv/detail/add_three_ints__type_support.cpp
[24.904s] -- Installing: /home/asadbek/ros2_ws/install/tutorial_interfaces/include/tutorial_interfaces/srv/detail/add_three_ints__rosidl_typesupport_introspection_cpp.hpp
[24.904s] -- Installing: /home/asadbek/ros2_ws/install/tutorial_interfaces/lib/libtutorial_interfaces__rosidl_typesupport_introspection_cpp.so
[24.905s] -- Set runtime path of "/home/asadbek/ros2_ws/install/tutorial_interfaces/lib/libtutorial_interfaces__rosidl_typesupport_introspection_cpp.so" to ""
[24.905s] -- Installing: /home/asadbek/ros2_ws/install/tutorial_interfaces/lib/libtutorial_interfaces__rosidl_typesupport_cpp.so
[24.907s] -- Set runtime path of "/home/asadbek/ros2_ws/install/tutorial_interfaces/lib/libtutorial_interfaces__rosidl_typesupport_cpp.so" to ""
[24.907s] -- Installing: /home/asadbek/ros2_ws/install/tutorial_interfaces/share/tutorial_interfaces/environment/pythonpath.sh
[24.907s] -- Installing: /home/asadbek/ros2_ws/install/tutorial_interfaces/share/tutorial_interfaces/environment/pythonpath.dsv
[24.908s] -- Installing: /home/asadbek/ros2_ws/install/tutorial_interfaces/lib/python3.8/site-packages/tutorial_interfaces/__init__.py
[24.989s] Compiling '/home/asadbek/ros2_ws/install/tutorial_interfaces/lib/python3.8/site-packages/tutorial_interfaces/__init__.py'...
[25.000s] -- Installing: /home/asadbek/ros2_ws/install/tutorial_interfaces/lib/python3.8/site-packages/tutorial_interfaces/msg
[25.000s] -- Installing: /home/asadbek/ros2_ws/install/tutorial_interfaces/lib/python3.8/site-packages/tutorial_interfaces/msg/_num.py
[25.001s] -- Installing: /home/asadbek/ros2_ws/install/tutorial_interfaces/lib/python3.8/site-packages/tutorial_interfaces/msg/_num_s.c
[25.001s] -- Installing: /home/asadbek/ros2_ws/install/tutorial_interfaces/lib/python3.8/site-packages/tutorial_interfaces/msg/__init__.py
[25.002s] -- Installing: /home/asadbek/ros2_ws/install/tutorial_interfaces/lib/python3.8/site-packages/tutorial_interfaces/msg/_sphere.py
[25.002s] -- Installing: /home/asadbek/ros2_ws/install/tutorial_interfaces/lib/python3.8/site-packages/tutorial_interfaces/msg/_sphere_s.c
[25.002s] -- Installing: /home/asadbek/ros2_ws/install/tutorial_interfaces/lib/python3.8/site-packages/tutorial_interfaces/srv
[25.003s] -- Installing: /home/asadbek/ros2_ws/install/tutorial_interfaces/lib/python3.8/site-packages/tutorial_interfaces/srv/_add_three_ints.py
[25.003s] -- Installing: /home/asadbek/ros2_ws/install/tutorial_interfaces/lib/python3.8/site-packages/tutorial_interfaces/srv/__init__.py
[25.003s] -- Installing: /home/asadbek/ros2_ws/install/tutorial_interfaces/lib/python3.8/site-packages/tutorial_interfaces/srv/_add_three_ints_s.c
[25.004s] -- Installing: /home/asadbek/ros2_ws/install/tutorial_interfaces/lib/python3.8/site-packages/tutorial_interfaces/tutorial_interfaces_s__rosidl_typesupport_fastrtps_c.cpython-38-x86_64-linux-gnu.so
[25.007s] -- Set runtime path of "/home/asadbek/ros2_ws/install/tutorial_interfaces/lib/python3.8/site-packages/tutorial_interfaces/tutorial_interfaces_s__rosidl_typesupport_fastrtps_c.cpython-38-x86_64-linux-gnu.so" to ""
[25.007s] -- Installing: /home/asadbek/ros2_ws/install/tutorial_interfaces/lib/python3.8/site-packages/tutorial_interfaces/tutorial_interfaces_s__rosidl_typesupport_introspection_c.cpython-38-x86_64-linux-gnu.so
[25.009s] -- Set runtime path of "/home/asadbek/ros2_ws/install/tutorial_interfaces/lib/python3.8/site-packages/tutorial_interfaces/tutorial_interfaces_s__rosidl_typesupport_introspection_c.cpython-38-x86_64-linux-gnu.so" to ""
[25.010s] -- Installing: /home/asadbek/ros2_ws/install/tutorial_interfaces/lib/python3.8/site-packages/tutorial_interfaces/tutorial_interfaces_s__rosidl_typesupport_c.cpython-38-x86_64-linux-gnu.so
[25.011s] -- Set runtime path of "/home/asadbek/ros2_ws/install/tutorial_interfaces/lib/python3.8/site-packages/tutorial_interfaces/tutorial_interfaces_s__rosidl_typesupport_c.cpython-38-x86_64-linux-gnu.so" to ""
[25.011s] -- Installing: /home/asadbek/ros2_ws/install/tutorial_interfaces/lib/libtutorial_interfaces__python.so
[25.013s] -- Set runtime path of "/home/asadbek/ros2_ws/install/tutorial_interfaces/lib/libtutorial_interfaces__python.so" to ""
[25.013s] -- Installing: /home/asadbek/ros2_ws/install/tutorial_interfaces/share/tutorial_interfaces/msg/Num.idl
[25.014s] -- Installing: /home/asadbek/ros2_ws/install/tutorial_interfaces/share/tutorial_interfaces/msg/Sphere.idl
[25.014s] -- Installing: /home/asadbek/ros2_ws/install/tutorial_interfaces/share/tutorial_interfaces/srv/AddThreeInts.idl
[25.015s] -- Installing: /home/asadbek/ros2_ws/install/tutorial_interfaces/share/tutorial_interfaces/msg/Num.msg
[25.016s] -- Installing: /home/asadbek/ros2_ws/install/tutorial_interfaces/share/tutorial_interfaces/msg/Sphere.msg
[25.016s] -- Installing: /home/asadbek/ros2_ws/install/tutorial_interfaces/share/tutorial_interfaces/srv/AddThreeInts.srv
[25.016s] -- Installing: /home/asadbek/ros2_ws/install/tutorial_interfaces/share/tutorial_interfaces/srv/AddThreeInts_Request.msg
[25.017s] -- Installing: /home/asadbek/ros2_ws/install/tutorial_interfaces/share/tutorial_interfaces/srv/AddThreeInts_Response.msg
[25.017s] -- Installing: /home/asadbek/ros2_ws/install/tutorial_interfaces/share/ament_index/resource_index/package_run_dependencies/tutorial_interfaces
[25.018s] -- Installing: /home/asadbek/ros2_ws/install/tutorial_interfaces/share/ament_index/resource_index/parent_prefix_path/tutorial_interfaces
[25.019s] -- Installing: /home/asadbek/ros2_ws/install/tutorial_interfaces/share/tutorial_interfaces/environment/ament_prefix_path.sh
[25.019s] -- Installing: /home/asadbek/ros2_ws/install/tutorial_interfaces/share/tutorial_interfaces/environment/ament_prefix_path.dsv
[25.020s] -- Installing: /home/asadbek/ros2_ws/install/tutorial_interfaces/share/tutorial_interfaces/environment/path.sh
[25.020s] -- Installing: /home/asadbek/ros2_ws/install/tutorial_interfaces/share/tutorial_interfaces/environment/path.dsv
[25.020s] -- Installing: /home/asadbek/ros2_ws/install/tutorial_interfaces/share/tutorial_interfaces/local_setup.bash
[25.022s] -- Installing: /home/asadbek/ros2_ws/install/tutorial_interfaces/share/tutorial_interfaces/local_setup.sh
[25.022s] -- Installing: /home/asadbek/ros2_ws/install/tutorial_interfaces/share/tutorial_interfaces/local_setup.zsh
[25.023s] -- Installing: /home/asadbek/ros2_ws/install/tutorial_interfaces/share/tutorial_interfaces/local_setup.dsv
[25.023s] -- Installing: /home/asadbek/ros2_ws/install/tutorial_interfaces/share/tutorial_interfaces/package.dsv
[25.024s] -- Installing: /home/asadbek/ros2_ws/install/tutorial_interfaces/share/ament_index/resource_index/packages/tutorial_interfaces
[25.025s] -- Installing: /home/asadbek/ros2_ws/install/tutorial_interfaces/share/tutorial_interfaces/cmake/tutorial_interfaces__rosidl_generator_cExport.cmake
[25.025s] -- Installing: /home/asadbek/ros2_ws/install/tutorial_interfaces/share/tutorial_interfaces/cmake/tutorial_interfaces__rosidl_generator_cExport-noconfig.cmake
[25.026s] -- Installing: /home/asadbek/ros2_ws/install/tutorial_interfaces/share/tutorial_interfaces/cmake/tutorial_interfaces__rosidl_typesupport_introspection_cExport.cmake
[25.026s] -- Installing: /home/asadbek/ros2_ws/install/tutorial_interfaces/share/tutorial_interfaces/cmake/tutorial_interfaces__rosidl_typesupport_introspection_cExport-noconfig.cmake
[25.027s] -- Installing: /home/asadbek/ros2_ws/install/tutorial_interfaces/share/tutorial_interfaces/cmake/tutorial_interfaces__rosidl_typesupport_cExport.cmake
[25.028s] -- Installing: /home/asadbek/ros2_ws/install/tutorial_interfaces/share/tutorial_interfaces/cmake/tutorial_interfaces__rosidl_typesupport_cExport-noconfig.cmake
[25.028s] -- Installing: /home/asadbek/ros2_ws/install/tutorial_interfaces/share/tutorial_interfaces/cmake/tutorial_interfaces__rosidl_generator_cppExport.cmake
[25.029s] -- Installing: /home/asadbek/ros2_ws/install/tutorial_interfaces/share/tutorial_interfaces/cmake/tutorial_interfaces__rosidl_typesupport_introspection_cppExport.cmake
[25.029s] -- Installing: /home/asadbek/ros2_ws/install/tutorial_interfaces/share/tutorial_interfaces/cmake/tutorial_interfaces__rosidl_typesupport_introspection_cppExport-noconfig.cmake
[25.030s] -- Installing: /home/asadbek/ros2_ws/install/tutorial_interfaces/share/tutorial_interfaces/cmake/tutorial_interfaces__rosidl_typesupport_cppExport.cmake
[25.030s] -- Installing: /home/asadbek/ros2_ws/install/tutorial_interfaces/share/tutorial_interfaces/cmake/tutorial_interfaces__rosidl_typesupport_cppExport-noconfig.cmake
[25.031s] -- Installing: /home/asadbek/ros2_ws/install/tutorial_interfaces/share/tutorial_interfaces/cmake/rosidl_cmake-extras.cmake
[25.031s] -- Installing: /home/asadbek/ros2_ws/install/tutorial_interfaces/share/tutorial_interfaces/cmake/ament_cmake_export_dependencies-extras.cmake
[25.032s] -- Installing: /home/asadbek/ros2_ws/install/tutorial_interfaces/share/tutorial_interfaces/cmake/ament_cmake_export_libraries-extras.cmake
[25.032s] -- Installing: /home/asadbek/ros2_ws/install/tutorial_interfaces/share/tutorial_interfaces/cmake/ament_cmake_export_targets-extras.cmake
[25.033s] -- Installing: /home/asadbek/ros2_ws/install/tutorial_interfaces/share/tutorial_interfaces/cmake/ament_cmake_export_include_directories-extras.cmake
[25.037s] -- Installing: /home/asadbek/ros2_ws/install/tutorial_interfaces/share/tutorial_interfaces/cmake/rosidl_cmake_export_typesupport_libraries-extras.cmake
[25.040s] -- Installing: /home/asadbek/ros2_ws/install/tutorial_interfaces/share/tutorial_interfaces/cmake/rosidl_cmake_export_typesupport_targets-extras.cmake
[25.040s] -- Installing: /home/asadbek/ros2_ws/install/tutorial_interfaces/share/tutorial_interfaces/cmake/tutorial_interfacesConfig.cmake
[25.040s] -- Installing: /home/asadbek/ros2_ws/install/tutorial_interfaces/share/tutorial_interfaces/cmake/tutorial_interfacesConfig-version.cmake
[25.041s] -- Installing: /home/asadbek/ros2_ws/install/tutorial_interfaces/share/tutorial_interfaces/package.xml
[25.047s] Invoked command in '/home/asadbek/ros2_ws/build/tutorial_interfaces' returned '0': CMAKE_PREFIX_PATH=/opt/ros/foxy:${CMAKE_PREFIX_PATH} /usr/bin/cmake --install /home/asadbek/ros2_ws/build/tutorial_interfaces
