[1.704s] Invoking command in '/home/asadbek/ros2_ws/src/py_pubsub': PYTHONPATH=/home/asadbek/ros2_ws/install/py_pubsub/lib/python3.8/site-packages:${PYTHONPATH} /usr/bin/python3 setup.py egg_info --egg-base ../../build/py_pubsub build --build-base /home/asadbek/ros2_ws/build/py_pubsub/build install --prefix /home/asadbek/ros2_ws/install/py_pubsub --record /home/asadbek/ros2_ws/build/py_pubsub/install.log --single-version-externally-managed
[2.254s] running egg_info
[2.255s] writing ../../build/py_pubsub/py_pubsub.egg-info/PKG-INFO
[2.257s] writing dependency_links to ../../build/py_pubsub/py_pubsub.egg-info/dependency_links.txt
[2.257s] writing entry points to ../../build/py_pubsub/py_pubsub.egg-info/entry_points.txt
[2.259s] writing requirements to ../../build/py_pubsub/py_pubsub.egg-info/requires.txt
[2.260s] writing top-level names to ../../build/py_pubsub/py_pubsub.egg-info/top_level.txt
[2.342s] reading manifest file '../../build/py_pubsub/py_pubsub.egg-info/SOURCES.txt'
[2.345s] writing manifest file '../../build/py_pubsub/py_pubsub.egg-info/SOURCES.txt'
[2.345s] running build
[2.346s] running build_py
[2.347s] running install
[2.348s] running install_lib
[2.352s] running install_data
[2.353s] running install_egg_info
[2.356s] removing '/home/asadbek/ros2_ws/install/py_pubsub/lib/python3.8/site-packages/py_pubsub-0.0.0-py3.8.egg-info' (and everything under it)
[2.357s] Copying ../../build/py_pubsub/py_pubsub.egg-info to /home/asadbek/ros2_ws/install/py_pubsub/lib/python3.8/site-packages/py_pubsub-0.0.0-py3.8.egg-info
[2.361s] running install_scripts
[2.402s] Installing listener script to /home/asadbek/ros2_ws/install/py_pubsub/lib/py_pubsub
[2.403s] Installing talker script to /home/asadbek/ros2_ws/install/py_pubsub/lib/py_pubsub
[2.404s] writing list of installed files to '/home/asadbek/ros2_ws/build/py_pubsub/install.log'
[2.455s] Invoked command in '/home/asadbek/ros2_ws/src/py_pubsub' returned '0': PYTHONPATH=/home/asadbek/ros2_ws/install/py_pubsub/lib/python3.8/site-packages:${PYTHONPATH} /usr/bin/python3 setup.py egg_info --egg-base ../../build/py_pubsub build --build-base /home/asadbek/ros2_ws/build/py_pubsub/build install --prefix /home/asadbek/ros2_ws/install/py_pubsub --record /home/asadbek/ros2_ws/build/py_pubsub/install.log --single-version-externally-managed
