[0.150s] Invoking command in '/home/asadbek/ros2_ws/build/tutorial_interfaces': CMAKE_PREFIX_PATH=/opt/ros/foxy:${CMAKE_PREFIX_PATH} /usr/bin/cmake --build /home/asadbek/ros2_ws/build/tutorial_interfaces -- -j2 -l2
[0.249s] -- Found geometry_msgs: 2.0.5 (/opt/ros/foxy/share/geometry_msgs/cmake)
[0.311s] -- Found PythonInterp: /usr/bin/python3 (found suitable version "3.8.10", minimum required is "3") 
[0.312s] -- Using PYTHON_EXECUTABLE: /usr/bin/python3
[0.877s] -- Using all available rosidl_typesupport_c: rosidl_typesupport_fastrtps_c;rosidl_typesupport_introspection_c
[0.886s] -- Found rosidl_adapter: 1.2.1 (/opt/ros/foxy/share/rosidl_adapter/cmake)
[1.254s] -- Using all available rosidl_typesupport_cpp: rosidl_typesupport_fastrtps_cpp;rosidl_typesupport_introspection_cpp
[1.458s] -- Found rosidl_default_generators: 1.0.1 (/opt/ros/foxy/share/rosidl_default_generators/cmake)
[1.490s] -- Found ament_lint_auto: 0.9.6 (/opt/ros/foxy/share/ament_lint_auto/cmake)
[1.695s] -- Found PythonInterp: /usr/bin/python3 (found version "3.8.10") 
[2.133s] CMake Error at /opt/ros/foxy/share/rosidl_adapter/cmake/rosidl_adapt_interfaces.cmake:60 (message):
[2.133s]   execute_process(/usr/bin/python3 -m rosidl_adapter --package-name
[2.133s]   tutorial_interfaces --arguments-file
[2.134s]   /home/asadbek/ros2_ws/build/tutorial_interfaces/rosidl_adapter__arguments__tutorial_interfaces.json
[2.134s]   --output-dir
[2.134s]   /home/asadbek/ros2_ws/build/tutorial_interfaces/rosidl_adapter/tutorial_interfaces
[2.134s]   --output-file
[2.134s]   /home/asadbek/ros2_ws/build/tutorial_interfaces/rosidl_adapter/tutorial_interfaces.idls)
[2.135s]   returned error code 1:
[2.135s] 
[2.135s]   Error processing ' float64 x' of 'tutorial_interfaces/Sphere': 'string
[2.135s]   index out of range'
[2.135s] 
[2.135s]   Traceback (most recent call last):
[2.136s] 
[2.136s]     File "/usr/lib/python3.8/runpy.py", line 194, in _run_module_as_main
[2.136s]       return _run_code(code, main_globals, None,
[2.136s]     File "/usr/lib/python3.8/runpy.py", line 87, in _run_code
[2.136s]       exec(code, run_globals)
[2.136s]     File "/opt/ros/foxy/lib/python3.8/site-packages/rosidl_adapter/__main__.py", line 19, in <module>
[2.137s]       sys.exit(main())
[2.137s]     File "/opt/ros/foxy/lib/python3.8/site-packages/rosidl_adapter/main.py", line 53, in main
[2.137s]       abs_idl_file = convert_to_idl(
[2.137s]     File "/opt/ros/foxy/lib/python3.8/site-packages/rosidl_adapter/__init__.py", line 19, in convert_to_idl
[2.138s]       return convert_msg_to_idl(
[2.138s]     File "/opt/ros/foxy/lib/python3.8/site-packages/rosidl_adapter/msg/__init__.py", line 28, in convert_msg_to_idl
[2.138s]       msg = parse_message_string(package_name, input_file.stem, content)
[2.138s]     File "/opt/ros/foxy/lib/python3.8/site-packages/rosidl_adapter/parser.py", line 516, in parse_message_string
[2.138s]       Type(type_string, context_package_name=pkg_name),
[2.138s]     File "/opt/ros/foxy/lib/python3.8/site-packages/rosidl_adapter/parser.py", line 240, in __init__
[2.139s]       self.is_array = type_string[-1] == ']'
[2.139s] 
[2.139s]   IndexError: string index out of range
[2.139s] 
[2.140s] Call Stack (most recent call first):
[2.140s]   /opt/ros/foxy/share/rosidl_cmake/cmake/rosidl_generate_interfaces.cmake:130 (rosidl_adapt_interfaces)
[2.140s]   CMakeLists.txt:37 (rosidl_generate_interfaces)
[2.140s] 
[2.140s] 
[2.140s] -- Configuring incomplete, errors occurred!
[2.141s] See also "/home/asadbek/ros2_ws/build/tutorial_interfaces/CMakeFiles/CMakeOutput.log".
[2.158s] make: *** [Makefile:1228: cmake_check_build_system] Error 1
[2.171s] Invoked command in '/home/asadbek/ros2_ws/build/tutorial_interfaces' returned '2': CMAKE_PREFIX_PATH=/opt/ros/foxy:${CMAKE_PREFIX_PATH} /usr/bin/cmake --build /home/asadbek/ros2_ws/build/tutorial_interfaces -- -j2 -l2
