[0.054s] Invoking command in '/home/asadbek/ros2_ws/build/tutorial_interfaces': CMAKE_PREFIX_PATH=/opt/ros/foxy:${CMAKE_PREFIX_PATH} /usr/bin/cmake --build /home/asadbek/ros2_ws/build/tutorial_interfaces -- -j2 -l2
[0.154s] -- Found geometry_msgs: 2.0.5 (/opt/ros/foxy/share/geometry_msgs/cmake)
[0.208s] -- Found PythonInterp: /usr/bin/python3 (found suitable version "3.8.10", minimum required is "3") 
[0.209s] -- Using PYTHON_EXECUTABLE: /usr/bin/python3
[0.764s] -- Using all available rosidl_typesupport_c: rosidl_typesupport_fastrtps_c;rosidl_typesupport_introspection_c
[0.773s] -- Found rosidl_adapter: 1.2.1 (/opt/ros/foxy/share/rosidl_adapter/cmake)
[1.338s] -- Using all available rosidl_typesupport_cpp: rosidl_typesupport_fastrtps_cpp;rosidl_typesupport_introspection_cpp
[1.569s] -- Found rosidl_default_generators: 1.0.1 (/opt/ros/foxy/share/rosidl_default_generators/cmake)
[1.594s] -- Found ament_lint_auto: 0.9.6 (/opt/ros/foxy/share/ament_lint_auto/cmake)
[1.800s] -- Found PythonInterp: /usr/bin/python3 (found version "3.8.10") 
[2.222s] -- Found ament_cmake_ros: 0.9.2 (/opt/ros/foxy/share/ament_cmake_ros/cmake)
[3.109s] -- Using all available rosidl_typesupport_c: rosidl_typesupport_fastrtps_c;rosidl_typesupport_introspection_c
[3.438s] -- Using all available rosidl_typesupport_cpp: rosidl_typesupport_fastrtps_cpp;rosidl_typesupport_introspection_cpp
[3.505s] -- Found PythonInterp: /usr/bin/python3 (found suitable version "3.8.10", minimum required is "3.5") 
[3.507s] -- Found python_cmake_module: 0.8.1 (/opt/ros/foxy/share/python_cmake_module/cmake)
[3.569s] -- Using PYTHON_EXECUTABLE: /usr/bin/python3
[3.569s] -- Using PYTHON_INCLUDE_DIRS: /usr/include/python3.8
[3.569s] -- Using PYTHON_LIBRARIES: /usr/lib/x86_64-linux-gnu/libpython3.8.so
[3.716s] -- Added test 'copyright' to check source files copyright and LICENSE
[3.724s] -- Added test 'lint_cmake' to check CMake code style
[3.728s] -- Added test 'xmllint' to check XML markup files
[3.745s] -- Configuring done
[3.930s] -- Generating done
[3.946s] -- Build files have been written to: /home/asadbek/ros2_ws/build/tutorial_interfaces
[4.053s] [  2%] Built target tutorial_interfaces__cpp
[4.059s] [ 12%] Built target tutorial_interfaces__rosidl_generator_c
[4.129s] [ 23%] Built target tutorial_interfaces__rosidl_typesupport_cpp
[4.133s] [ 25%] [32mBuilding CXX object CMakeFiles/tutorial_interfaces__rosidl_typesupport_fastrtps_cpp.dir/rosidl_typesupport_fastrtps_cpp/tutorial_interfaces/msg/detail/dds_fastrtps/num__type_support.cpp.o[0m
[4.208s] [ 36%] Built target tutorial_interfaces__rosidl_typesupport_introspection_c
[4.280s] [ 46%] Built target tutorial_interfaces__rosidl_typesupport_c
[4.361s] [ 57%] Built target tutorial_interfaces__rosidl_typesupport_introspection_cpp
[4.395s] [ 59%] [32mBuilding CXX object CMakeFiles/tutorial_interfaces__rosidl_typesupport_fastrtps_cpp.dir/rosidl_typesupport_fastrtps_cpp/tutorial_interfaces/msg/detail/dds_fastrtps/sphere__type_support.cpp.o[0m
[5.425s] [ 61%] [32mBuilding CXX object CMakeFiles/tutorial_interfaces__rosidl_typesupport_fastrtps_cpp.dir/rosidl_typesupport_fastrtps_cpp/tutorial_interfaces/srv/detail/dds_fastrtps/add_three_ints__type_support.cpp.o[0m
[6.544s] [ 63%] [32m[1mLinking CXX shared library libtutorial_interfaces__rosidl_typesupport_fastrtps_cpp.so[0m
[6.788s] [ 65%] Built target tutorial_interfaces__rosidl_typesupport_fastrtps_cpp
[6.864s] [ 68%] [32mBuilding CXX object CMakeFiles/tutorial_interfaces__rosidl_typesupport_fastrtps_c.dir/rosidl_typesupport_fastrtps_c/tutorial_interfaces/msg/detail/num__type_support_c.cpp.o[0m
[6.865s] [ 70%] [32mBuilding CXX object CMakeFiles/tutorial_interfaces__rosidl_typesupport_fastrtps_c.dir/rosidl_typesupport_fastrtps_c/tutorial_interfaces/msg/detail/sphere__type_support_c.cpp.o[0m
[7.944s] [ 72%] [32mBuilding CXX object CMakeFiles/tutorial_interfaces__rosidl_typesupport_fastrtps_c.dir/rosidl_typesupport_fastrtps_c/tutorial_interfaces/srv/detail/add_three_ints__type_support_c.cpp.o[0m
[8.875s] [ 74%] [32m[1mLinking CXX shared library libtutorial_interfaces__rosidl_typesupport_fastrtps_c.so[0m
[9.136s] [ 76%] Built target tutorial_interfaces__rosidl_typesupport_fastrtps_c
[9.200s] [ 76%] Built target tutorial_interfaces
[9.271s] [ 78%] Built target tutorial_interfaces__py
[9.363s] [ 80%] [32mBuilding C object CMakeFiles/tutorial_interfaces__python.dir/rosidl_generator_py/tutorial_interfaces/msg/_num_s.c.o[0m
[9.374s] [ 82%] [32mBuilding C object CMakeFiles/tutorial_interfaces__python.dir/rosidl_generator_py/tutorial_interfaces/msg/_sphere_s.c.o[0m
[9.655s] [ 85%] [32mBuilding C object CMakeFiles/tutorial_interfaces__python.dir/rosidl_generator_py/tutorial_interfaces/srv/_add_three_ints_s.c.o[0m
[9.909s] [ 87%] [32m[1mLinking C shared library rosidl_generator_py/tutorial_interfaces/libtutorial_interfaces__python.so[0m
[10.040s] [ 87%] Built target tutorial_interfaces__python
[10.128s] [ 91%] [32mBuilding C object CMakeFiles/tutorial_interfaces__rosidl_typesupport_c__pyext.dir/rosidl_generator_py/tutorial_interfaces/_tutorial_interfaces_s.ep.rosidl_typesupport_c.c.o[0m
[10.129s] [ 91%] [32mBuilding C object CMakeFiles/tutorial_interfaces__rosidl_typesupport_introspection_c__pyext.dir/rosidl_generator_py/tutorial_interfaces/_tutorial_interfaces_s.ep.rosidl_typesupport_introspection_c.c.o[0m
[10.399s] [ 93%] [32m[1mLinking C shared library rosidl_generator_py/tutorial_interfaces/tutorial_interfaces_s__rosidl_typesupport_c.cpython-38-x86_64-linux-gnu.so[0m
[10.409s] [ 95%] [32m[1mLinking C shared library rosidl_generator_py/tutorial_interfaces/tutorial_interfaces_s__rosidl_typesupport_introspection_c.cpython-38-x86_64-linux-gnu.so[0m
[10.550s] [ 95%] Built target tutorial_interfaces__rosidl_typesupport_c__pyext
[10.561s] [ 95%] Built target tutorial_interfaces__rosidl_typesupport_introspection_c__pyext
[10.618s] [ 97%] [32mBuilding C object CMakeFiles/tutorial_interfaces__rosidl_typesupport_fastrtps_c__pyext.dir/rosidl_generator_py/tutorial_interfaces/_tutorial_interfaces_s.ep.rosidl_typesupport_fastrtps_c.c.o[0m
[10.971s] [100%] [32m[1mLinking CXX shared library rosidl_generator_py/tutorial_interfaces/tutorial_interfaces_s__rosidl_typesupport_fastrtps_c.cpython-38-x86_64-linux-gnu.so[0m
[11.166s] [100%] Built target tutorial_interfaces__rosidl_typesupport_fastrtps_c__pyext
[11.204s] Invoked command in '/home/asadbek/ros2_ws/build/tutorial_interfaces' returned '0': CMAKE_PREFIX_PATH=/opt/ros/foxy:${CMAKE_PREFIX_PATH} /usr/bin/cmake --build /home/asadbek/ros2_ws/build/tutorial_interfaces -- -j2 -l2
[11.541s] Invoking command in '/home/asadbek/ros2_ws/build/tutorial_interfaces': CMAKE_PREFIX_PATH=/opt/ros/foxy:${CMAKE_PREFIX_PATH} /usr/bin/cmake --install /home/asadbek/ros2_ws/build/tutorial_interfaces
[11.571s] -- Install configuration: ""
[11.572s] -- Up-to-date: /home/asadbek/ros2_ws/install/tutorial_interfaces/share/ament_index/resource_index/rosidl_interfaces/tutorial_interfaces
[11.572s] -- Up-to-date: /home/asadbek/ros2_ws/install/tutorial_interfaces/include/tutorial_interfaces
[11.573s] -- Up-to-date: /home/asadbek/ros2_ws/install/tutorial_interfaces/include/tutorial_interfaces/msg
[11.573s] -- Up-to-date: /home/asadbek/ros2_ws/install/tutorial_interfaces/include/tutorial_interfaces/msg/num.h
[11.573s] -- Up-to-date: /home/asadbek/ros2_ws/install/tutorial_interfaces/include/tutorial_interfaces/msg/detail
[11.574s] -- Up-to-date: /home/asadbek/ros2_ws/install/tutorial_interfaces/include/tutorial_interfaces/msg/detail/num__functions.c
[11.574s] -- Up-to-date: /home/asadbek/ros2_ws/install/tutorial_interfaces/include/tutorial_interfaces/msg/detail/sphere__functions.c
[11.575s] -- Up-to-date: /home/asadbek/ros2_ws/install/tutorial_interfaces/include/tutorial_interfaces/msg/detail/sphere__struct.h
[11.575s] -- Up-to-date: /home/asadbek/ros2_ws/install/tutorial_interfaces/include/tutorial_interfaces/msg/detail/num__type_support.h
[11.576s] -- Up-to-date: /home/asadbek/ros2_ws/install/tutorial_interfaces/include/tutorial_interfaces/msg/detail/sphere__functions.h
[11.576s] -- Up-to-date: /home/asadbek/ros2_ws/install/tutorial_interfaces/include/tutorial_interfaces/msg/detail/sphere__type_support.h
[11.577s] -- Up-to-date: /home/asadbek/ros2_ws/install/tutorial_interfaces/include/tutorial_interfaces/msg/detail/num__functions.h
[11.577s] -- Up-to-date: /home/asadbek/ros2_ws/install/tutorial_interfaces/include/tutorial_interfaces/msg/detail/num__struct.h
[11.577s] -- Up-to-date: /home/asadbek/ros2_ws/install/tutorial_interfaces/include/tutorial_interfaces/msg/sphere.h
[11.578s] -- Up-to-date: /home/asadbek/ros2_ws/install/tutorial_interfaces/include/tutorial_interfaces/msg/rosidl_generator_c__visibility_control.h
[11.578s] -- Up-to-date: /home/asadbek/ros2_ws/install/tutorial_interfaces/include/tutorial_interfaces/srv
[11.578s] -- Up-to-date: /home/asadbek/ros2_ws/install/tutorial_interfaces/include/tutorial_interfaces/srv/detail
[11.579s] -- Up-to-date: /home/asadbek/ros2_ws/install/tutorial_interfaces/include/tutorial_interfaces/srv/detail/add_three_ints__type_support.h
[11.579s] -- Up-to-date: /home/asadbek/ros2_ws/install/tutorial_interfaces/include/tutorial_interfaces/srv/detail/add_three_ints__functions.h
[11.579s] -- Up-to-date: /home/asadbek/ros2_ws/install/tutorial_interfaces/include/tutorial_interfaces/srv/detail/add_three_ints__struct.h
[11.580s] -- Up-to-date: /home/asadbek/ros2_ws/install/tutorial_interfaces/include/tutorial_interfaces/srv/detail/add_three_ints__functions.c
[11.580s] -- Up-to-date: /home/asadbek/ros2_ws/install/tutorial_interfaces/include/tutorial_interfaces/srv/add_three_ints.h
[11.581s] -- Up-to-date: /home/asadbek/ros2_ws/install/tutorial_interfaces/share/tutorial_interfaces/environment/library_path.sh
[11.583s] -- Installing: /home/asadbek/ros2_ws/install/tutorial_interfaces/share/tutorial_interfaces/environment/library_path.dsv
[11.586s] -- Up-to-date: /home/asadbek/ros2_ws/install/tutorial_interfaces/lib/libtutorial_interfaces__rosidl_generator_c.so
[11.587s] -- Up-to-date: /home/asadbek/ros2_ws/install/tutorial_interfaces/include/tutorial_interfaces
[11.588s] -- Up-to-date: /home/asadbek/ros2_ws/install/tutorial_interfaces/include/tutorial_interfaces/msg
[11.588s] -- Up-to-date: /home/asadbek/ros2_ws/install/tutorial_interfaces/include/tutorial_interfaces/msg/detail
[11.589s] -- Up-to-date: /home/asadbek/ros2_ws/install/tutorial_interfaces/include/tutorial_interfaces/msg/detail/num__rosidl_typesupport_fastrtps_c.h
[11.589s] -- Up-to-date: /home/asadbek/ros2_ws/install/tutorial_interfaces/include/tutorial_interfaces/msg/detail/sphere__rosidl_typesupport_fastrtps_c.h
[11.589s] -- Up-to-date: /home/asadbek/ros2_ws/install/tutorial_interfaces/include/tutorial_interfaces/msg/rosidl_typesupport_fastrtps_c__visibility_control.h
[11.590s] -- Up-to-date: /home/asadbek/ros2_ws/install/tutorial_interfaces/include/tutorial_interfaces/srv
[11.590s] -- Up-to-date: /home/asadbek/ros2_ws/install/tutorial_interfaces/include/tutorial_interfaces/srv/detail
[11.591s] -- Up-to-date: /home/asadbek/ros2_ws/install/tutorial_interfaces/include/tutorial_interfaces/srv/detail/add_three_ints__rosidl_typesupport_fastrtps_c.h
[11.592s] -- Installing: /home/asadbek/ros2_ws/install/tutorial_interfaces/lib/libtutorial_interfaces__rosidl_typesupport_fastrtps_c.so
[11.595s] -- Set runtime path of "/home/asadbek/ros2_ws/install/tutorial_interfaces/lib/libtutorial_interfaces__rosidl_typesupport_fastrtps_c.so" to ""
[11.596s] -- Up-to-date: /home/asadbek/ros2_ws/install/tutorial_interfaces/include/tutorial_interfaces
[11.596s] -- Up-to-date: /home/asadbek/ros2_ws/install/tutorial_interfaces/include/tutorial_interfaces/msg
[11.596s] -- Up-to-date: /home/asadbek/ros2_ws/install/tutorial_interfaces/include/tutorial_interfaces/msg/rosidl_typesupport_fastrtps_cpp__visibility_control.h
[11.596s] -- Up-to-date: /home/asadbek/ros2_ws/install/tutorial_interfaces/include/tutorial_interfaces/msg/detail
[11.597s] -- Up-to-date: /home/asadbek/ros2_ws/install/tutorial_interfaces/include/tutorial_interfaces/msg/detail/sphere__rosidl_typesupport_fastrtps_cpp.hpp
[11.597s] -- Up-to-date: /home/asadbek/ros2_ws/install/tutorial_interfaces/include/tutorial_interfaces/msg/detail/num__rosidl_typesupport_fastrtps_cpp.hpp
[11.597s] -- Up-to-date: /home/asadbek/ros2_ws/install/tutorial_interfaces/include/tutorial_interfaces/msg/detail/dds_fastrtps
[11.598s] -- Up-to-date: /home/asadbek/ros2_ws/install/tutorial_interfaces/include/tutorial_interfaces/srv
[11.598s] -- Up-to-date: /home/asadbek/ros2_ws/install/tutorial_interfaces/include/tutorial_interfaces/srv/detail
[11.598s] -- Up-to-date: /home/asadbek/ros2_ws/install/tutorial_interfaces/include/tutorial_interfaces/srv/detail/add_three_ints__rosidl_typesupport_fastrtps_cpp.hpp
[11.598s] -- Up-to-date: /home/asadbek/ros2_ws/install/tutorial_interfaces/include/tutorial_interfaces/srv/detail/dds_fastrtps
[11.599s] -- Installing: /home/asadbek/ros2_ws/install/tutorial_interfaces/lib/libtutorial_interfaces__rosidl_typesupport_fastrtps_cpp.so
[11.599s] -- Set runtime path of "/home/asadbek/ros2_ws/install/tutorial_interfaces/lib/libtutorial_interfaces__rosidl_typesupport_fastrtps_cpp.so" to ""
[11.600s] -- Up-to-date: /home/asadbek/ros2_ws/install/tutorial_interfaces/include/tutorial_interfaces
[11.600s] -- Up-to-date: /home/asadbek/ros2_ws/install/tutorial_interfaces/include/tutorial_interfaces/msg
[11.600s] -- Up-to-date: /home/asadbek/ros2_ws/install/tutorial_interfaces/include/tutorial_interfaces/msg/rosidl_typesupport_introspection_c__visibility_control.h
[11.601s] -- Up-to-date: /home/asadbek/ros2_ws/install/tutorial_interfaces/include/tutorial_interfaces/msg/detail
[11.601s] -- Up-to-date: /home/asadbek/ros2_ws/install/tutorial_interfaces/include/tutorial_interfaces/msg/detail/sphere__rosidl_typesupport_introspection_c.h
[11.602s] -- Up-to-date: /home/asadbek/ros2_ws/install/tutorial_interfaces/include/tutorial_interfaces/msg/detail/sphere__type_support.c
[11.602s] -- Up-to-date: /home/asadbek/ros2_ws/install/tutorial_interfaces/include/tutorial_interfaces/msg/detail/num__rosidl_typesupport_introspection_c.h
[11.603s] -- Up-to-date: /home/asadbek/ros2_ws/install/tutorial_interfaces/include/tutorial_interfaces/msg/detail/num__type_support.c
[11.603s] -- Up-to-date: /home/asadbek/ros2_ws/install/tutorial_interfaces/include/tutorial_interfaces/srv
[11.604s] -- Up-to-date: /home/asadbek/ros2_ws/install/tutorial_interfaces/include/tutorial_interfaces/srv/detail
[11.604s] -- Up-to-date: /home/asadbek/ros2_ws/install/tutorial_interfaces/include/tutorial_interfaces/srv/detail/add_three_ints__type_support.c
[11.605s] -- Up-to-date: /home/asadbek/ros2_ws/install/tutorial_interfaces/include/tutorial_interfaces/srv/detail/add_three_ints__rosidl_typesupport_introspection_c.h
[11.607s] -- Up-to-date: /home/asadbek/ros2_ws/install/tutorial_interfaces/lib/libtutorial_interfaces__rosidl_typesupport_introspection_c.so
[11.608s] -- Up-to-date: /home/asadbek/ros2_ws/install/tutorial_interfaces/lib/libtutorial_interfaces__rosidl_typesupport_c.so
[11.609s] -- Up-to-date: /home/asadbek/ros2_ws/install/tutorial_interfaces/include/tutorial_interfaces
[11.610s] -- Up-to-date: /home/asadbek/ros2_ws/install/tutorial_interfaces/include/tutorial_interfaces/msg
[11.610s] -- Up-to-date: /home/asadbek/ros2_ws/install/tutorial_interfaces/include/tutorial_interfaces/msg/sphere.hpp
[11.611s] -- Up-to-date: /home/asadbek/ros2_ws/install/tutorial_interfaces/include/tutorial_interfaces/msg/detail
[11.611s] -- Up-to-date: /home/asadbek/ros2_ws/install/tutorial_interfaces/include/tutorial_interfaces/msg/detail/sphere__builder.hpp
[11.611s] -- Up-to-date: /home/asadbek/ros2_ws/install/tutorial_interfaces/include/tutorial_interfaces/msg/detail/sphere__struct.hpp
[11.612s] -- Up-to-date: /home/asadbek/ros2_ws/install/tutorial_interfaces/include/tutorial_interfaces/msg/detail/sphere__traits.hpp
[11.612s] -- Up-to-date: /home/asadbek/ros2_ws/install/tutorial_interfaces/include/tutorial_interfaces/msg/detail/num__struct.hpp
[11.612s] -- Up-to-date: /home/asadbek/ros2_ws/install/tutorial_interfaces/include/tutorial_interfaces/msg/detail/num__builder.hpp
[11.612s] -- Up-to-date: /home/asadbek/ros2_ws/install/tutorial_interfaces/include/tutorial_interfaces/msg/detail/num__traits.hpp
[11.612s] -- Up-to-date: /home/asadbek/ros2_ws/install/tutorial_interfaces/include/tutorial_interfaces/msg/num.hpp
[11.613s] -- Up-to-date: /home/asadbek/ros2_ws/install/tutorial_interfaces/include/tutorial_interfaces/srv
[11.613s] -- Up-to-date: /home/asadbek/ros2_ws/install/tutorial_interfaces/include/tutorial_interfaces/srv/add_three_ints.hpp
[11.613s] -- Up-to-date: /home/asadbek/ros2_ws/install/tutorial_interfaces/include/tutorial_interfaces/srv/detail
[11.614s] -- Up-to-date: /home/asadbek/ros2_ws/install/tutorial_interfaces/include/tutorial_interfaces/srv/detail/add_three_ints__struct.hpp
[11.614s] -- Up-to-date: /home/asadbek/ros2_ws/install/tutorial_interfaces/include/tutorial_interfaces/srv/detail/add_three_ints__traits.hpp
[11.614s] -- Up-to-date: /home/asadbek/ros2_ws/install/tutorial_interfaces/include/tutorial_interfaces/srv/detail/add_three_ints__builder.hpp
[11.614s] -- Up-to-date: /home/asadbek/ros2_ws/install/tutorial_interfaces/include/tutorial_interfaces
[11.614s] -- Up-to-date: /home/asadbek/ros2_ws/install/tutorial_interfaces/include/tutorial_interfaces/msg
[11.615s] -- Up-to-date: /home/asadbek/ros2_ws/install/tutorial_interfaces/include/tutorial_interfaces/msg/detail
[11.615s] -- Up-to-date: /home/asadbek/ros2_ws/install/tutorial_interfaces/include/tutorial_interfaces/msg/detail/num__rosidl_typesupport_introspection_cpp.hpp
[11.615s] -- Up-to-date: /home/asadbek/ros2_ws/install/tutorial_interfaces/include/tutorial_interfaces/msg/detail/num__type_support.cpp
[11.615s] -- Up-to-date: /home/asadbek/ros2_ws/install/tutorial_interfaces/include/tutorial_interfaces/msg/detail/sphere__rosidl_typesupport_introspection_cpp.hpp
[11.615s] -- Up-to-date: /home/asadbek/ros2_ws/install/tutorial_interfaces/include/tutorial_interfaces/msg/detail/sphere__type_support.cpp
[11.615s] -- Up-to-date: /home/asadbek/ros2_ws/install/tutorial_interfaces/include/tutorial_interfaces/srv
[11.616s] -- Up-to-date: /home/asadbek/ros2_ws/install/tutorial_interfaces/include/tutorial_interfaces/srv/detail
[11.616s] -- Up-to-date: /home/asadbek/ros2_ws/install/tutorial_interfaces/include/tutorial_interfaces/srv/detail/add_three_ints__type_support.cpp
[11.616s] -- Up-to-date: /home/asadbek/ros2_ws/install/tutorial_interfaces/include/tutorial_interfaces/srv/detail/add_three_ints__rosidl_typesupport_introspection_cpp.hpp
[11.617s] -- Up-to-date: /home/asadbek/ros2_ws/install/tutorial_interfaces/lib/libtutorial_interfaces__rosidl_typesupport_introspection_cpp.so
[11.617s] -- Up-to-date: /home/asadbek/ros2_ws/install/tutorial_interfaces/lib/libtutorial_interfaces__rosidl_typesupport_cpp.so
[11.617s] -- Up-to-date: /home/asadbek/ros2_ws/install/tutorial_interfaces/share/tutorial_interfaces/environment/pythonpath.sh
[11.618s] -- Installing: /home/asadbek/ros2_ws/install/tutorial_interfaces/share/tutorial_interfaces/environment/pythonpath.dsv
[11.618s] -- Installing: /home/asadbek/ros2_ws/install/tutorial_interfaces/lib/python3.8/site-packages/tutorial_interfaces/__init__.py
[11.691s] Compiling '/home/asadbek/ros2_ws/install/tutorial_interfaces/lib/python3.8/site-packages/tutorial_interfaces/__init__.py'...
[11.705s] -- Up-to-date: /home/asadbek/ros2_ws/install/tutorial_interfaces/lib/python3.8/site-packages/tutorial_interfaces/msg
[11.705s] -- Up-to-date: /home/asadbek/ros2_ws/install/tutorial_interfaces/lib/python3.8/site-packages/tutorial_interfaces/msg/_num.py
[11.705s] -- Up-to-date: /home/asadbek/ros2_ws/install/tutorial_interfaces/lib/python3.8/site-packages/tutorial_interfaces/msg/_num_s.c
[11.705s] -- Up-to-date: /home/asadbek/ros2_ws/install/tutorial_interfaces/lib/python3.8/site-packages/tutorial_interfaces/msg/__init__.py
[11.706s] -- Up-to-date: /home/asadbek/ros2_ws/install/tutorial_interfaces/lib/python3.8/site-packages/tutorial_interfaces/msg/_sphere.py
[11.706s] -- Up-to-date: /home/asadbek/ros2_ws/install/tutorial_interfaces/lib/python3.8/site-packages/tutorial_interfaces/msg/_sphere_s.c
[11.706s] -- Up-to-date: /home/asadbek/ros2_ws/install/tutorial_interfaces/lib/python3.8/site-packages/tutorial_interfaces/srv
[11.706s] -- Up-to-date: /home/asadbek/ros2_ws/install/tutorial_interfaces/lib/python3.8/site-packages/tutorial_interfaces/srv/_add_three_ints.py
[11.707s] -- Up-to-date: /home/asadbek/ros2_ws/install/tutorial_interfaces/lib/python3.8/site-packages/tutorial_interfaces/srv/__init__.py
[11.707s] -- Up-to-date: /home/asadbek/ros2_ws/install/tutorial_interfaces/lib/python3.8/site-packages/tutorial_interfaces/srv/_add_three_ints_s.c
[11.707s] -- Installing: /home/asadbek/ros2_ws/install/tutorial_interfaces/lib/python3.8/site-packages/tutorial_interfaces/tutorial_interfaces_s__rosidl_typesupport_fastrtps_c.cpython-38-x86_64-linux-gnu.so
[11.708s] -- Set runtime path of "/home/asadbek/ros2_ws/install/tutorial_interfaces/lib/python3.8/site-packages/tutorial_interfaces/tutorial_interfaces_s__rosidl_typesupport_fastrtps_c.cpython-38-x86_64-linux-gnu.so" to ""
[11.709s] -- Installing: /home/asadbek/ros2_ws/install/tutorial_interfaces/lib/python3.8/site-packages/tutorial_interfaces/tutorial_interfaces_s__rosidl_typesupport_introspection_c.cpython-38-x86_64-linux-gnu.so
[11.712s] -- Set runtime path of "/home/asadbek/ros2_ws/install/tutorial_interfaces/lib/python3.8/site-packages/tutorial_interfaces/tutorial_interfaces_s__rosidl_typesupport_introspection_c.cpython-38-x86_64-linux-gnu.so" to ""
[11.713s] -- Installing: /home/asadbek/ros2_ws/install/tutorial_interfaces/lib/python3.8/site-packages/tutorial_interfaces/tutorial_interfaces_s__rosidl_typesupport_c.cpython-38-x86_64-linux-gnu.so
[11.715s] -- Set runtime path of "/home/asadbek/ros2_ws/install/tutorial_interfaces/lib/python3.8/site-packages/tutorial_interfaces/tutorial_interfaces_s__rosidl_typesupport_c.cpython-38-x86_64-linux-gnu.so" to ""
[11.715s] -- Installing: /home/asadbek/ros2_ws/install/tutorial_interfaces/lib/libtutorial_interfaces__python.so
[11.717s] -- Set runtime path of "/home/asadbek/ros2_ws/install/tutorial_interfaces/lib/libtutorial_interfaces__python.so" to ""
[11.717s] -- Up-to-date: /home/asadbek/ros2_ws/install/tutorial_interfaces/share/tutorial_interfaces/msg/Num.idl
[11.718s] -- Up-to-date: /home/asadbek/ros2_ws/install/tutorial_interfaces/share/tutorial_interfaces/msg/Sphere.idl
[11.718s] -- Up-to-date: /home/asadbek/ros2_ws/install/tutorial_interfaces/share/tutorial_interfaces/srv/AddThreeInts.idl
[11.719s] -- Up-to-date: /home/asadbek/ros2_ws/install/tutorial_interfaces/share/tutorial_interfaces/msg/Num.msg
[11.719s] -- Installing: /home/asadbek/ros2_ws/install/tutorial_interfaces/share/tutorial_interfaces/msg/Sphere.msg
[11.719s] -- Up-to-date: /home/asadbek/ros2_ws/install/tutorial_interfaces/share/tutorial_interfaces/srv/AddThreeInts.srv
[11.720s] -- Up-to-date: /home/asadbek/ros2_ws/install/tutorial_interfaces/share/tutorial_interfaces/srv/AddThreeInts_Request.msg
[11.720s] -- Up-to-date: /home/asadbek/ros2_ws/install/tutorial_interfaces/share/tutorial_interfaces/srv/AddThreeInts_Response.msg
[11.720s] -- Up-to-date: /home/asadbek/ros2_ws/install/tutorial_interfaces/share/ament_index/resource_index/package_run_dependencies/tutorial_interfaces
[11.721s] -- Up-to-date: /home/asadbek/ros2_ws/install/tutorial_interfaces/share/ament_index/resource_index/parent_prefix_path/tutorial_interfaces
[11.721s] -- Up-to-date: /home/asadbek/ros2_ws/install/tutorial_interfaces/share/tutorial_interfaces/environment/ament_prefix_path.sh
[11.721s] -- Installing: /home/asadbek/ros2_ws/install/tutorial_interfaces/share/tutorial_interfaces/environment/ament_prefix_path.dsv
[11.722s] -- Up-to-date: /home/asadbek/ros2_ws/install/tutorial_interfaces/share/tutorial_interfaces/environment/path.sh
[11.722s] -- Installing: /home/asadbek/ros2_ws/install/tutorial_interfaces/share/tutorial_interfaces/environment/path.dsv
[11.722s] -- Up-to-date: /home/asadbek/ros2_ws/install/tutorial_interfaces/share/tutorial_interfaces/local_setup.bash
[11.723s] -- Up-to-date: /home/asadbek/ros2_ws/install/tutorial_interfaces/share/tutorial_interfaces/local_setup.sh
[11.723s] -- Up-to-date: /home/asadbek/ros2_ws/install/tutorial_interfaces/share/tutorial_interfaces/local_setup.zsh
[11.723s] -- Installing: /home/asadbek/ros2_ws/install/tutorial_interfaces/share/tutorial_interfaces/local_setup.dsv
[11.723s] -- Installing: /home/asadbek/ros2_ws/install/tutorial_interfaces/share/tutorial_interfaces/package.dsv
[11.724s] -- Up-to-date: /home/asadbek/ros2_ws/install/tutorial_interfaces/share/ament_index/resource_index/packages/tutorial_interfaces
[11.724s] -- Up-to-date: /home/asadbek/ros2_ws/install/tutorial_interfaces/share/tutorial_interfaces/cmake/tutorial_interfaces__rosidl_generator_cExport.cmake
[11.724s] -- Installing: /home/asadbek/ros2_ws/install/tutorial_interfaces/share/tutorial_interfaces/cmake/tutorial_interfaces__rosidl_generator_cExport-noconfig.cmake
[11.725s] -- Up-to-date: /home/asadbek/ros2_ws/install/tutorial_interfaces/share/tutorial_interfaces/cmake/tutorial_interfaces__rosidl_typesupport_introspection_cExport.cmake
[11.725s] -- Installing: /home/asadbek/ros2_ws/install/tutorial_interfaces/share/tutorial_interfaces/cmake/tutorial_interfaces__rosidl_typesupport_introspection_cExport-noconfig.cmake
[11.725s] -- Up-to-date: /home/asadbek/ros2_ws/install/tutorial_interfaces/share/tutorial_interfaces/cmake/tutorial_interfaces__rosidl_typesupport_cExport.cmake
[11.725s] -- Installing: /home/asadbek/ros2_ws/install/tutorial_interfaces/share/tutorial_interfaces/cmake/tutorial_interfaces__rosidl_typesupport_cExport-noconfig.cmake
[11.726s] -- Up-to-date: /home/asadbek/ros2_ws/install/tutorial_interfaces/share/tutorial_interfaces/cmake/tutorial_interfaces__rosidl_generator_cppExport.cmake
[11.727s] -- Up-to-date: /home/asadbek/ros2_ws/install/tutorial_interfaces/share/tutorial_interfaces/cmake/tutorial_interfaces__rosidl_typesupport_introspection_cppExport.cmake
[11.727s] -- Installing: /home/asadbek/ros2_ws/install/tutorial_interfaces/share/tutorial_interfaces/cmake/tutorial_interfaces__rosidl_typesupport_introspection_cppExport-noconfig.cmake
[11.728s] -- Up-to-date: /home/asadbek/ros2_ws/install/tutorial_interfaces/share/tutorial_interfaces/cmake/tutorial_interfaces__rosidl_typesupport_cppExport.cmake
[11.729s] -- Installing: /home/asadbek/ros2_ws/install/tutorial_interfaces/share/tutorial_interfaces/cmake/tutorial_interfaces__rosidl_typesupport_cppExport-noconfig.cmake
[11.729s] -- Up-to-date: /home/asadbek/ros2_ws/install/tutorial_interfaces/share/tutorial_interfaces/cmake/rosidl_cmake-extras.cmake
[11.730s] -- Up-to-date: /home/asadbek/ros2_ws/install/tutorial_interfaces/share/tutorial_interfaces/cmake/ament_cmake_export_dependencies-extras.cmake
[11.730s] -- Up-to-date: /home/asadbek/ros2_ws/install/tutorial_interfaces/share/tutorial_interfaces/cmake/ament_cmake_export_libraries-extras.cmake
[11.731s] -- Up-to-date: /home/asadbek/ros2_ws/install/tutorial_interfaces/share/tutorial_interfaces/cmake/ament_cmake_export_targets-extras.cmake
[11.731s] -- Up-to-date: /home/asadbek/ros2_ws/install/tutorial_interfaces/share/tutorial_interfaces/cmake/ament_cmake_export_include_directories-extras.cmake
[11.731s] -- Up-to-date: /home/asadbek/ros2_ws/install/tutorial_interfaces/share/tutorial_interfaces/cmake/rosidl_cmake_export_typesupport_libraries-extras.cmake
[11.731s] -- Up-to-date: /home/asadbek/ros2_ws/install/tutorial_interfaces/share/tutorial_interfaces/cmake/rosidl_cmake_export_typesupport_targets-extras.cmake
[11.732s] -- Up-to-date: /home/asadbek/ros2_ws/install/tutorial_interfaces/share/tutorial_interfaces/cmake/tutorial_interfacesConfig.cmake
[11.732s] -- Up-to-date: /home/asadbek/ros2_ws/install/tutorial_interfaces/share/tutorial_interfaces/cmake/tutorial_interfacesConfig-version.cmake
[11.732s] -- Up-to-date: /home/asadbek/ros2_ws/install/tutorial_interfaces/share/tutorial_interfaces/package.xml
[11.739s] Invoked command in '/home/asadbek/ros2_ws/build/tutorial_interfaces' returned '0': CMAKE_PREFIX_PATH=/opt/ros/foxy:${CMAKE_PREFIX_PATH} /usr/bin/cmake --install /home/asadbek/ros2_ws/build/tutorial_interfaces
