[1.716s] Invoking command in '/home/asadbek/ros2_ws/src/py_srvcli': AMENT_PREFIX_PATH=/home/asadbek/ros2_ws/install/tutorial_interfaces:${AMENT_PREFIX_PATH} CMAKE_PREFIX_PATH=/home/asadbek/ros2_ws/install/tutorial_interfaces:${CMAKE_PREFIX_PATH} LD_LIBRARY_PATH=/home/asadbek/ros2_ws/install/tutorial_interfaces/lib:${LD_LIBRARY_PATH} PYTHONPATH=/home/asadbek/ros2_ws/install/py_srvcli/lib/python3.8/site-packages:/home/asadbek/ros2_ws/install/tutorial_interfaces/lib/python3.8/site-packages:${PYTHONPATH} /usr/bin/python3 setup.py egg_info --egg-base ../../build/py_srvcli build --build-base /home/asadbek/ros2_ws/build/py_srvcli/build install --prefix /home/asadbek/ros2_ws/install/py_srvcli --record /home/asadbek/ros2_ws/build/py_srvcli/install.log --single-version-externally-managed
[2.258s] running egg_info
[2.260s] writing ../../build/py_srvcli/py_srvcli.egg-info/PKG-INFO
[2.263s] writing dependency_links to ../../build/py_srvcli/py_srvcli.egg-info/dependency_links.txt
[2.263s] writing entry points to ../../build/py_srvcli/py_srvcli.egg-info/entry_points.txt
[2.266s] writing requirements to ../../build/py_srvcli/py_srvcli.egg-info/requires.txt
[2.268s] writing top-level names to ../../build/py_srvcli/py_srvcli.egg-info/top_level.txt
[2.348s] reading manifest file '../../build/py_srvcli/py_srvcli.egg-info/SOURCES.txt'
[2.351s] writing manifest file '../../build/py_srvcli/py_srvcli.egg-info/SOURCES.txt'
[2.351s] running build
[2.352s] running build_py
[2.352s] copying py_srvcli/service_member_function.py -> /home/asadbek/ros2_ws/build/py_srvcli/build/lib/py_srvcli
[2.352s] copying py_srvcli/client_member_function.py -> /home/asadbek/ros2_ws/build/py_srvcli/build/lib/py_srvcli
[2.353s] running install
[2.355s] running install_lib
[2.358s] copying /home/asadbek/ros2_ws/build/py_srvcli/build/lib/py_srvcli/service_member_function.py -> /home/asadbek/ros2_ws/install/py_srvcli/lib/python3.8/site-packages/py_srvcli
[2.358s] copying /home/asadbek/ros2_ws/build/py_srvcli/build/lib/py_srvcli/client_member_function.py -> /home/asadbek/ros2_ws/install/py_srvcli/lib/python3.8/site-packages/py_srvcli
[2.359s] byte-compiling /home/asadbek/ros2_ws/install/py_srvcli/lib/python3.8/site-packages/py_srvcli/service_member_function.py to service_member_function.cpython-38.pyc
[2.366s] byte-compiling /home/asadbek/ros2_ws/install/py_srvcli/lib/python3.8/site-packages/py_srvcli/client_member_function.py to client_member_function.cpython-38.pyc
[2.367s] running install_data
[2.368s] copying package.xml -> /home/asadbek/ros2_ws/install/py_srvcli/share/py_srvcli
[2.369s] running install_egg_info
[2.373s] removing '/home/asadbek/ros2_ws/install/py_srvcli/lib/python3.8/site-packages/py_srvcli-0.0.0-py3.8.egg-info' (and everything under it)
[2.374s] Copying ../../build/py_srvcli/py_srvcli.egg-info to /home/asadbek/ros2_ws/install/py_srvcli/lib/python3.8/site-packages/py_srvcli-0.0.0-py3.8.egg-info
[2.377s] running install_scripts
[2.416s] Installing client script to /home/asadbek/ros2_ws/install/py_srvcli/lib/py_srvcli
[2.417s] Installing service script to /home/asadbek/ros2_ws/install/py_srvcli/lib/py_srvcli
[2.419s] writing list of installed files to '/home/asadbek/ros2_ws/build/py_srvcli/install.log'
[2.473s] Invoked command in '/home/asadbek/ros2_ws/src/py_srvcli' returned '0': AMENT_PREFIX_PATH=/home/asadbek/ros2_ws/install/tutorial_interfaces:${AMENT_PREFIX_PATH} CMAKE_PREFIX_PATH=/home/asadbek/ros2_ws/install/tutorial_interfaces:${CMAKE_PREFIX_PATH} LD_LIBRARY_PATH=/home/asadbek/ros2_ws/install/tutorial_interfaces/lib:${LD_LIBRARY_PATH} PYTHONPATH=/home/asadbek/ros2_ws/install/py_srvcli/lib/python3.8/site-packages:/home/asadbek/ros2_ws/install/tutorial_interfaces/lib/python3.8/site-packages:${PYTHONPATH} /usr/bin/python3 setup.py egg_info --egg-base ../../build/py_srvcli build --build-base /home/asadbek/ros2_ws/build/py_srvcli/build install --prefix /home/asadbek/ros2_ws/install/py_srvcli --record /home/asadbek/ros2_ws/build/py_srvcli/install.log --single-version-externally-managed
