[0.102s] Invoking command in '/home/asadbek/ros2_ws/build/examples_rclcpp_minimal_action_server': /usr/bin/cmake /home/asadbek/ros2_ws/src/examples/rclcpp/actions/minimal_action_server -DAMENT_CMAKE_SYMLINK_INSTALL=1 -DCMAKE_INSTALL_PREFIX=/home/asadbek/ros2_ws/install/examples_rclcpp_minimal_action_server
[0.927s] -- The C compiler identification is GNU 9.4.0
[1.308s] -- The CXX compiler identification is GNU 9.4.0
[1.334s] -- Check for working C compiler: /usr/bin/cc
[1.695s] -- Check for working C compiler: /usr/bin/cc -- works
[1.702s] -- Detecting C compiler ABI info
[1.930s] -- Detecting C compiler ABI info - done
[1.964s] -- Detecting C compile features
[1.966s] -- Detecting C compile features - done
[1.973s] -- Check for working CXX compiler: /usr/bin/c++
[2.352s] -- Check for working CXX compiler: /usr/bin/c++ -- works
[2.356s] -- Detecting CXX compiler ABI info
[2.663s] -- Detecting CXX compiler ABI info - done
[2.691s] -- Detecting CXX compile features
[2.692s] -- Detecting CXX compile features - done
[2.737s] CMake Error at CMakeLists.txt:13 (find_package):
[2.738s]   By not providing "Findament_cmake.cmake" in CMAKE_MODULE_PATH this project
[2.739s]   has asked CMake to find a package configuration file provided by
[2.739s]   "ament_cmake", but CMake did not find one.
[2.740s] 
[2.740s]   Could not find a package configuration file provided by "ament_cmake" with
[2.740s]   any of the following names:
[2.741s] 
[2.741s]     ament_cmakeConfig.cmake
[2.741s]     ament_cmake-config.cmake
[2.742s] 
[2.742s]   Add the installation prefix of "ament_cmake" to CMAKE_PREFIX_PATH or set
[2.742s]   "ament_cmake_DIR" to a directory containing one of the above files.  If
[2.743s]   "ament_cmake" provides a separate development package or SDK, be sure it
[2.743s]   has been installed.
[2.743s] 
[2.744s] 
[2.744s] -- Configuring incomplete, errors occurred!
[2.744s] See also "/home/asadbek/ros2_ws/build/examples_rclcpp_minimal_action_server/CMakeFiles/CMakeOutput.log".
